2020-07-14 23:39:34,098 [restartedMain] INFO  c.h.a.c.Application                                - Starting Application on Cuongs-MacBook-Pro.local with PID 6898 (/Users/nguyen/Documents/hvcg/api.crm work jwt 1/target/classes started by nguyen in /Users/nguyen/Documents/hvcg/api.crm work jwt 1) 
2020-07-14 23:39:34,104 [restartedMain] INFO  c.h.a.c.Application                                - No active profile set, falling back to default profiles: default 
2020-07-14 23:39:34,133 [restartedMain] INFO  o.s.b.d.e.DevToolsPropertyDefaultsPostProcessor    - Devtools property defaults active! Set 'spring.devtools.add-properties' to 'false' to disable 
2020-07-14 23:39:34,135 [restartedMain] INFO  o.s.b.d.e.DevToolsPropertyDefaultsPostProcessor    - For additional web related logging consider setting the 'logging.level.web' property to 'DEBUG' 
2020-07-14 23:39:34,813 [restartedMain] INFO  o.s.d.r.c.RepositoryConfigurationDelegate          - Bootstrapping Spring Data JPA repositories in DEFERRED mode. 
2020-07-14 23:39:34,907 [restartedMain] INFO  o.s.d.r.c.RepositoryConfigurationDelegate          - Finished Spring Data repository scanning in 85ms. Found 13 JPA repository interfaces. 
2020-07-14 23:39:35,171 [restartedMain] INFO  o.s.c.s.PostProcessorRegistrationDelegate$BeanPostProcessorChecker - Bean 'org.springframework.security.access.expression.method.DefaultMethodSecurityExpressionHandler@1b2bfb24' of type [org.springframework.security.access.expression.method.DefaultMethodSecurityExpressionHandler] is not eligible for getting processed by all BeanPostProcessors (for example: not eligible for auto-proxying) 
2020-07-14 23:39:35,178 [restartedMain] INFO  o.s.c.s.PostProcessorRegistrationDelegate$BeanPostProcessorChecker - Bean 'methodSecurityMetadataSource' of type [org.springframework.security.access.method.DelegatingMethodSecurityMetadataSource] is not eligible for getting processed by all BeanPostProcessors (for example: not eligible for auto-proxying) 
2020-07-14 23:39:35,474 [restartedMain] INFO  o.s.b.w.e.t.TomcatWebServer                        - Tomcat initialized with port(s): 8080 (http) 
2020-07-14 23:39:35,485 [restartedMain] INFO  o.a.c.h.Http11NioProtocol                          - Initializing ProtocolHandler ["http-nio-8080"] 
2020-07-14 23:39:35,486 [restartedMain] INFO  o.a.c.c.StandardService                            - Starting service [Tomcat] 
2020-07-14 23:39:35,486 [restartedMain] INFO  o.a.c.c.StandardEngine                             - Starting Servlet engine: [Apache Tomcat/9.0.35] 
2020-07-14 23:39:35,551 [restartedMain] INFO  o.a.c.c.C.[.[.[/]                                  - Initializing Spring embedded WebApplicationContext 
2020-07-14 23:39:35,551 [restartedMain] INFO  o.s.w.c.ContextLoader                              - Root WebApplicationContext: initialization completed in 1416 ms 
2020-07-14 23:39:35,596 [restartedMain] WARN  o.s.b.a.o.j.JpaBaseConfiguration$JpaWebConfiguration - spring.jpa.open-in-view is enabled by default. Therefore, database queries may be performed during view rendering. Explicitly configure spring.jpa.open-in-view to disable this warning 
2020-07-14 23:39:35,687 [restartedMain] INFO  o.s.s.c.ThreadPoolTaskExecutor                     - Initializing ExecutorService 'applicationTaskExecutor' 
2020-07-14 23:39:35,728 [task-1] INFO  o.h.j.i.u.LogHelper                                - HHH000204: Processing PersistenceUnitInfo [name: default] 
2020-07-14 23:39:35,771 [task-1] INFO  o.h.Version                                        - HHH000412: Hibernate ORM core version 5.4.15.Final 
2020-07-14 23:39:35,870 [task-1] INFO  o.h.a.c.Version                                    - HCANN000001: Hibernate Commons Annotations {5.1.0.Final} 
2020-07-14 23:39:35,963 [task-1] INFO  c.z.h.HikariDataSource                             - HikariPool-1 - Starting... 
2020-07-14 23:39:36,066 [task-1] INFO  c.z.h.HikariDataSource                             - HikariPool-1 - Start completed. 
2020-07-14 23:39:36,080 [task-1] INFO  o.h.d.Dialect                                      - HHH000400: Using dialect: org.hibernate.dialect.MySQL8Dialect 
2020-07-14 23:39:37,078 [task-1] INFO  o.h.e.t.j.p.i.JtaPlatformInitiator                 - HHH000490: Using JtaPlatform implementation: [org.hibernate.engine.transaction.jta.platform.internal.NoJtaPlatform] 
2020-07-14 23:39:37,083 [task-1] INFO  o.s.o.j.LocalContainerEntityManagerFactoryBean     - Initialized JPA EntityManagerFactory for persistence unit 'default' 
2020-07-14 23:39:37,429 [restartedMain] INFO  s.d.s.w.PropertySourcedRequestMappingHandlerMapping - Mapped URL path [/v2/api-docs] onto method [springfox.documentation.swagger2.web.Swagger2Controller#getDocumentation(String, HttpServletRequest)] 
2020-07-14 23:39:37,551 [restartedMain] INFO  o.s.s.w.DefaultSecurityFilterChain                 - Creating filter chain: Ant [pattern='/common/**'], [] 
2020-07-14 23:39:37,552 [restartedMain] INFO  o.s.s.w.DefaultSecurityFilterChain                 - Creating filter chain: Ant [pattern='/v2/api-docs'], [] 
2020-07-14 23:39:37,552 [restartedMain] INFO  o.s.s.w.DefaultSecurityFilterChain                 - Creating filter chain: Ant [pattern='/configuration/ui'], [] 
2020-07-14 23:39:37,552 [restartedMain] INFO  o.s.s.w.DefaultSecurityFilterChain                 - Creating filter chain: Ant [pattern='/swagger-resources'], [] 
2020-07-14 23:39:37,552 [restartedMain] INFO  o.s.s.w.DefaultSecurityFilterChain                 - Creating filter chain: Ant [pattern='/configuration/security'], [] 
2020-07-14 23:39:37,552 [restartedMain] INFO  o.s.s.w.DefaultSecurityFilterChain                 - Creating filter chain: Ant [pattern='/swagger-ui.html'], [] 
2020-07-14 23:39:37,552 [restartedMain] INFO  o.s.s.w.DefaultSecurityFilterChain                 - Creating filter chain: Ant [pattern='/webjars/**'], [] 
2020-07-14 23:39:37,588 [restartedMain] INFO  o.s.s.w.DefaultSecurityFilterChain                 - Creating filter chain: any request, [org.springframework.security.web.context.request.async.WebAsyncManagerIntegrationFilter@3117ab2, org.springframework.security.web.context.SecurityContextPersistenceFilter@10d849b9, org.springframework.security.web.header.HeaderWriterFilter@50708a02, org.springframework.web.filter.CorsFilter@4bae1d54, org.springframework.security.web.authentication.logout.LogoutFilter@71e3288, com.hvcg.api.crm.security.jwt.AuthTokenFilter@327ea34f, org.springframework.security.web.savedrequest.RequestCacheAwareFilter@30541e2d, org.springframework.security.web.servletapi.SecurityContextHolderAwareRequestFilter@5e49e650, org.springframework.security.web.authentication.AnonymousAuthenticationFilter@51979a68, org.springframework.security.web.session.SessionManagementFilter@413b0678, org.springframework.security.web.access.ExceptionTranslationFilter@659cbc3d, org.springframework.security.web.access.intercept.FilterSecurityInterceptor@55f3b094] 
2020-07-14 23:39:37,701 [restartedMain] INFO  o.s.b.d.a.OptionalLiveReloadServer                 - LiveReload server is running on port 35729 
2020-07-14 23:39:37,902 [restartedMain] INFO  o.a.c.h.Http11NioProtocol                          - Starting ProtocolHandler ["http-nio-8080"] 
2020-07-14 23:39:37,943 [restartedMain] INFO  o.s.b.w.e.t.TomcatWebServer                        - Tomcat started on port(s): 8080 (http) with context path '' 
2020-07-14 23:39:37,944 [restartedMain] INFO  s.d.s.w.p.DocumentationPluginsBootstrapper         - Context refreshed 
2020-07-14 23:39:37,959 [restartedMain] INFO  s.d.s.w.p.DocumentationPluginsBootstrapper         - Found 1 custom documentation plugin(s) 
2020-07-14 23:39:37,979 [restartedMain] INFO  s.d.s.w.s.ApiListingReferenceScanner               - Scanning for api listing references 
2020-07-14 23:39:38,102 [restartedMain] INFO  s.d.s.w.r.o.CachingOperationNameGenerator          - Generating unique operation named: getAllCustomerUsingGET_1 
2020-07-14 23:39:38,128 [restartedMain] INFO  o.s.d.r.c.DeferredRepositoryInitializationListener - Triggering deferred initialization of Spring Data repositories… 
2020-07-14 23:39:38,527 [restartedMain] INFO  o.s.d.r.c.DeferredRepositoryInitializationListener - Spring Data repositories initialized! 
2020-07-14 23:39:38,534 [restartedMain] INFO  c.h.a.c.Application                                - Started Application in 4.689 seconds (JVM running for 5.513) 
2020-07-14 23:39:45,125 [SpringContextShutdownHook] INFO  o.s.o.j.LocalContainerEntityManagerFactoryBean     - Closing JPA EntityManagerFactory for persistence unit 'default' 
2020-07-14 23:39:45,126 [SpringContextShutdownHook] INFO  o.s.s.c.ThreadPoolTaskExecutor                     - Shutting down ExecutorService 'applicationTaskExecutor' 
2020-07-14 23:39:45,127 [SpringContextShutdownHook] INFO  c.z.h.HikariDataSource                             - HikariPool-1 - Shutdown initiated... 
2020-07-14 23:39:45,136 [SpringContextShutdownHook] INFO  c.z.h.HikariDataSource                             - HikariPool-1 - Shutdown completed. 
2020-07-15 12:09:22,890 [restartedMain] INFO  c.h.a.c.Application                                - Starting Application on Cuongs-MacBook-Pro.local with PID 9298 (/Users/nguyen/Documents/hvcg/api.crm work jwt 1/target/classes started by nguyen in /Users/nguyen/Documents/hvcg/api.crm work jwt 1) 
2020-07-15 12:09:22,896 [restartedMain] INFO  c.h.a.c.Application                                - No active profile set, falling back to default profiles: default 
2020-07-15 12:09:22,926 [restartedMain] INFO  o.s.b.d.e.DevToolsPropertyDefaultsPostProcessor    - Devtools property defaults active! Set 'spring.devtools.add-properties' to 'false' to disable 
2020-07-15 12:09:22,926 [restartedMain] INFO  o.s.b.d.e.DevToolsPropertyDefaultsPostProcessor    - For additional web related logging consider setting the 'logging.level.web' property to 'DEBUG' 
2020-07-15 12:09:23,734 [restartedMain] INFO  o.s.d.r.c.RepositoryConfigurationDelegate          - Bootstrapping Spring Data JPA repositories in DEFERRED mode. 
2020-07-15 12:09:23,836 [restartedMain] INFO  o.s.d.r.c.RepositoryConfigurationDelegate          - Finished Spring Data repository scanning in 96ms. Found 13 JPA repository interfaces. 
2020-07-15 12:09:24,143 [restartedMain] INFO  o.s.c.s.PostProcessorRegistrationDelegate$BeanPostProcessorChecker - Bean 'org.springframework.security.access.expression.method.DefaultMethodSecurityExpressionHandler@180206b7' of type [org.springframework.security.access.expression.method.DefaultMethodSecurityExpressionHandler] is not eligible for getting processed by all BeanPostProcessors (for example: not eligible for auto-proxying) 
2020-07-15 12:09:24,151 [restartedMain] INFO  o.s.c.s.PostProcessorRegistrationDelegate$BeanPostProcessorChecker - Bean 'methodSecurityMetadataSource' of type [org.springframework.security.access.method.DelegatingMethodSecurityMetadataSource] is not eligible for getting processed by all BeanPostProcessors (for example: not eligible for auto-proxying) 
2020-07-15 12:09:24,391 [restartedMain] INFO  o.s.b.w.e.t.TomcatWebServer                        - Tomcat initialized with port(s): 8080 (http) 
2020-07-15 12:09:24,398 [restartedMain] INFO  o.a.c.h.Http11NioProtocol                          - Initializing ProtocolHandler ["http-nio-8080"] 
2020-07-15 12:09:24,399 [restartedMain] INFO  o.a.c.c.StandardService                            - Starting service [Tomcat] 
2020-07-15 12:09:24,399 [restartedMain] INFO  o.a.c.c.StandardEngine                             - Starting Servlet engine: [Apache Tomcat/9.0.35] 
2020-07-15 12:09:24,454 [restartedMain] INFO  o.a.c.c.C.[.[.[/]                                  - Initializing Spring embedded WebApplicationContext 
2020-07-15 12:09:24,454 [restartedMain] INFO  o.s.w.c.ContextLoader                              - Root WebApplicationContext: initialization completed in 1527 ms 
2020-07-15 12:09:24,497 [restartedMain] WARN  o.s.b.a.o.j.JpaBaseConfiguration$JpaWebConfiguration - spring.jpa.open-in-view is enabled by default. Therefore, database queries may be performed during view rendering. Explicitly configure spring.jpa.open-in-view to disable this warning 
2020-07-15 12:09:24,583 [restartedMain] INFO  o.s.s.c.ThreadPoolTaskExecutor                     - Initializing ExecutorService 'applicationTaskExecutor' 
2020-07-15 12:09:24,622 [task-1] INFO  o.h.j.i.u.LogHelper                                - HHH000204: Processing PersistenceUnitInfo [name: default] 
2020-07-15 12:09:24,665 [task-1] INFO  o.h.Version                                        - HHH000412: Hibernate ORM core version 5.4.15.Final 
2020-07-15 12:09:24,770 [task-1] INFO  o.h.a.c.Version                                    - HCANN000001: Hibernate Commons Annotations {5.1.0.Final} 
2020-07-15 12:09:24,859 [task-1] INFO  c.z.h.HikariDataSource                             - HikariPool-1 - Starting... 
2020-07-15 12:09:25,053 [task-1] INFO  c.z.h.HikariDataSource                             - HikariPool-1 - Start completed. 
2020-07-15 12:09:25,069 [task-1] INFO  o.h.d.Dialect                                      - HHH000400: Using dialect: org.hibernate.dialect.MySQL8Dialect 
2020-07-15 12:09:25,711 [task-1] INFO  o.h.e.t.j.p.i.JtaPlatformInitiator                 - HHH000490: Using JtaPlatform implementation: [org.hibernate.engine.transaction.jta.platform.internal.NoJtaPlatform] 
2020-07-15 12:09:25,718 [task-1] INFO  o.s.o.j.LocalContainerEntityManagerFactoryBean     - Initialized JPA EntityManagerFactory for persistence unit 'default' 
2020-07-15 12:09:26,056 [restartedMain] INFO  s.d.s.w.PropertySourcedRequestMappingHandlerMapping - Mapped URL path [/v2/api-docs] onto method [springfox.documentation.swagger2.web.Swagger2Controller#getDocumentation(String, HttpServletRequest)] 
2020-07-15 12:09:26,228 [restartedMain] INFO  o.s.s.w.DefaultSecurityFilterChain                 - Creating filter chain: Ant [pattern='/common/**'], [] 
2020-07-15 12:09:26,229 [restartedMain] INFO  o.s.s.w.DefaultSecurityFilterChain                 - Creating filter chain: Ant [pattern='/v2/api-docs'], [] 
2020-07-15 12:09:26,229 [restartedMain] INFO  o.s.s.w.DefaultSecurityFilterChain                 - Creating filter chain: Ant [pattern='/configuration/ui'], [] 
2020-07-15 12:09:26,229 [restartedMain] INFO  o.s.s.w.DefaultSecurityFilterChain                 - Creating filter chain: Ant [pattern='/swagger-resources'], [] 
2020-07-15 12:09:26,229 [restartedMain] INFO  o.s.s.w.DefaultSecurityFilterChain                 - Creating filter chain: Ant [pattern='/configuration/security'], [] 
2020-07-15 12:09:26,229 [restartedMain] INFO  o.s.s.w.DefaultSecurityFilterChain                 - Creating filter chain: Ant [pattern='/swagger-ui.html'], [] 
2020-07-15 12:09:26,229 [restartedMain] INFO  o.s.s.w.DefaultSecurityFilterChain                 - Creating filter chain: Ant [pattern='/webjars/**'], [] 
2020-07-15 12:09:26,271 [restartedMain] INFO  o.s.s.w.DefaultSecurityFilterChain                 - Creating filter chain: any request, [org.springframework.security.web.context.request.async.WebAsyncManagerIntegrationFilter@66f8baec, org.springframework.security.web.context.SecurityContextPersistenceFilter@4185776e, org.springframework.security.web.header.HeaderWriterFilter@6f4f1491, org.springframework.web.filter.CorsFilter@6f85c9f1, org.springframework.security.web.authentication.logout.LogoutFilter@3517ef0f, com.hvcg.api.crm.security.jwt.AuthTokenFilter@25351111, org.springframework.security.web.savedrequest.RequestCacheAwareFilter@5d9be16d, org.springframework.security.web.servletapi.SecurityContextHolderAwareRequestFilter@fc1da8f, org.springframework.security.web.authentication.AnonymousAuthenticationFilter@1aecb163, org.springframework.security.web.session.SessionManagementFilter@76b74418, org.springframework.security.web.access.ExceptionTranslationFilter@523f4ce8, org.springframework.security.web.access.intercept.FilterSecurityInterceptor@7feec349] 
2020-07-15 12:09:26,406 [restartedMain] INFO  o.s.b.d.a.OptionalLiveReloadServer                 - LiveReload server is running on port 35729 
2020-07-15 12:09:26,590 [restartedMain] INFO  o.a.c.h.Http11NioProtocol                          - Starting ProtocolHandler ["http-nio-8080"] 
2020-07-15 12:09:26,629 [restartedMain] INFO  o.s.b.w.e.t.TomcatWebServer                        - Tomcat started on port(s): 8080 (http) with context path '' 
2020-07-15 12:09:26,630 [restartedMain] INFO  s.d.s.w.p.DocumentationPluginsBootstrapper         - Context refreshed 
2020-07-15 12:09:26,654 [restartedMain] INFO  s.d.s.w.p.DocumentationPluginsBootstrapper         - Found 1 custom documentation plugin(s) 
2020-07-15 12:09:26,676 [restartedMain] INFO  s.d.s.w.s.ApiListingReferenceScanner               - Scanning for api listing references 
2020-07-15 12:09:26,814 [restartedMain] INFO  s.d.s.w.r.o.CachingOperationNameGenerator          - Generating unique operation named: getAllCustomerUsingGET_1 
2020-07-15 12:09:26,842 [restartedMain] INFO  o.s.d.r.c.DeferredRepositoryInitializationListener - Triggering deferred initialization of Spring Data repositories… 
2020-07-15 12:09:27,309 [restartedMain] INFO  o.s.d.r.c.DeferredRepositoryInitializationListener - Spring Data repositories initialized! 
2020-07-15 12:09:27,317 [restartedMain] INFO  c.h.a.c.Application                                - Started Application in 4.673 seconds (JVM running for 5.732) 
2020-07-15 12:10:07,013 [http-nio-8080-exec-1] INFO  o.a.c.c.C.[.[.[/]                                  - Initializing Spring DispatcherServlet 'dispatcherServlet' 
2020-07-15 12:10:07,014 [http-nio-8080-exec-1] INFO  o.s.w.s.DispatcherServlet                          - Initializing Servlet 'dispatcherServlet' 
2020-07-15 12:10:07,021 [http-nio-8080-exec-1] INFO  o.s.w.s.DispatcherServlet                          - Completed initialization in 7 ms 
2020-07-15 12:11:35,959 [http-nio-8080-exec-1] WARN  o.s.w.s.m.m.a.ExceptionHandlerExceptionResolver    - Resolved [org.springframework.dao.InvalidDataAccessApiUsageException: org.hibernate.QueryException: could not instantiate class [com.hvcg.api.crm.dto.EmployeeDTO] from tuple; nested exception is java.lang.IllegalArgumentException: org.hibernate.QueryException: could not instantiate class [com.hvcg.api.crm.dto.EmployeeDTO] from tuple] 
2020-07-15 12:19:57,181 [SpringContextShutdownHook] INFO  o.s.o.j.LocalContainerEntityManagerFactoryBean     - Closing JPA EntityManagerFactory for persistence unit 'default' 
2020-07-15 12:19:57,183 [SpringContextShutdownHook] INFO  o.s.s.c.ThreadPoolTaskExecutor                     - Shutting down ExecutorService 'applicationTaskExecutor' 
2020-07-15 12:19:57,184 [SpringContextShutdownHook] INFO  c.z.h.HikariDataSource                             - HikariPool-1 - Shutdown initiated... 
2020-07-15 12:19:57,189 [SpringContextShutdownHook] INFO  c.z.h.HikariDataSource                             - HikariPool-1 - Shutdown completed. 
2020-07-15 12:20:00,433 [restartedMain] INFO  c.h.a.c.Application                                - Starting Application on Cuongs-MacBook-Pro.local with PID 9372 (/Users/nguyen/Documents/hvcg/api.crm work jwt 1/target/classes started by nguyen in /Users/nguyen/Documents/hvcg/api.crm work jwt 1) 
2020-07-15 12:20:00,437 [restartedMain] INFO  c.h.a.c.Application                                - No active profile set, falling back to default profiles: default 
2020-07-15 12:20:00,461 [restartedMain] INFO  o.s.b.d.e.DevToolsPropertyDefaultsPostProcessor    - Devtools property defaults active! Set 'spring.devtools.add-properties' to 'false' to disable 
2020-07-15 12:20:00,461 [restartedMain] INFO  o.s.b.d.e.DevToolsPropertyDefaultsPostProcessor    - For additional web related logging consider setting the 'logging.level.web' property to 'DEBUG' 
2020-07-15 12:20:01,165 [restartedMain] INFO  o.s.d.r.c.RepositoryConfigurationDelegate          - Bootstrapping Spring Data JPA repositories in DEFERRED mode. 
2020-07-15 12:20:01,252 [restartedMain] INFO  o.s.d.r.c.RepositoryConfigurationDelegate          - Finished Spring Data repository scanning in 79ms. Found 13 JPA repository interfaces. 
2020-07-15 12:20:01,511 [restartedMain] INFO  o.s.c.s.PostProcessorRegistrationDelegate$BeanPostProcessorChecker - Bean 'org.springframework.security.access.expression.method.DefaultMethodSecurityExpressionHandler@121d0b62' of type [org.springframework.security.access.expression.method.DefaultMethodSecurityExpressionHandler] is not eligible for getting processed by all BeanPostProcessors (for example: not eligible for auto-proxying) 
2020-07-15 12:20:01,518 [restartedMain] INFO  o.s.c.s.PostProcessorRegistrationDelegate$BeanPostProcessorChecker - Bean 'methodSecurityMetadataSource' of type [org.springframework.security.access.method.DelegatingMethodSecurityMetadataSource] is not eligible for getting processed by all BeanPostProcessors (for example: not eligible for auto-proxying) 
2020-07-15 12:20:01,755 [restartedMain] INFO  o.s.b.w.e.t.TomcatWebServer                        - Tomcat initialized with port(s): 8080 (http) 
2020-07-15 12:20:01,762 [restartedMain] INFO  o.a.c.h.Http11NioProtocol                          - Initializing ProtocolHandler ["http-nio-8080"] 
2020-07-15 12:20:01,762 [restartedMain] INFO  o.a.c.c.StandardService                            - Starting service [Tomcat] 
2020-07-15 12:20:01,762 [restartedMain] INFO  o.a.c.c.StandardEngine                             - Starting Servlet engine: [Apache Tomcat/9.0.35] 
2020-07-15 12:20:01,818 [restartedMain] INFO  o.a.c.c.C.[.[.[/]                                  - Initializing Spring embedded WebApplicationContext 
2020-07-15 12:20:01,819 [restartedMain] INFO  o.s.w.c.ContextLoader                              - Root WebApplicationContext: initialization completed in 1358 ms 
2020-07-15 12:20:01,867 [restartedMain] WARN  o.s.b.a.o.j.JpaBaseConfiguration$JpaWebConfiguration - spring.jpa.open-in-view is enabled by default. Therefore, database queries may be performed during view rendering. Explicitly configure spring.jpa.open-in-view to disable this warning 
2020-07-15 12:20:01,957 [restartedMain] INFO  o.s.s.c.ThreadPoolTaskExecutor                     - Initializing ExecutorService 'applicationTaskExecutor' 
2020-07-15 12:20:01,994 [task-1] INFO  o.h.j.i.u.LogHelper                                - HHH000204: Processing PersistenceUnitInfo [name: default] 
2020-07-15 12:20:02,030 [task-1] INFO  o.h.Version                                        - HHH000412: Hibernate ORM core version 5.4.15.Final 
2020-07-15 12:20:02,118 [task-1] INFO  o.h.a.c.Version                                    - HCANN000001: Hibernate Commons Annotations {5.1.0.Final} 
2020-07-15 12:20:02,194 [task-1] INFO  c.z.h.HikariDataSource                             - HikariPool-1 - Starting... 
2020-07-15 12:20:02,287 [task-1] INFO  c.z.h.HikariDataSource                             - HikariPool-1 - Start completed. 
2020-07-15 12:20:02,305 [task-1] INFO  o.h.d.Dialect                                      - HHH000400: Using dialect: org.hibernate.dialect.MySQL8Dialect 
2020-07-15 12:20:02,848 [task-1] INFO  o.h.e.t.j.p.i.JtaPlatformInitiator                 - HHH000490: Using JtaPlatform implementation: [org.hibernate.engine.transaction.jta.platform.internal.NoJtaPlatform] 
2020-07-15 12:20:02,853 [task-1] INFO  o.s.o.j.LocalContainerEntityManagerFactoryBean     - Initialized JPA EntityManagerFactory for persistence unit 'default' 
2020-07-15 12:20:03,206 [restartedMain] INFO  s.d.s.w.PropertySourcedRequestMappingHandlerMapping - Mapped URL path [/v2/api-docs] onto method [springfox.documentation.swagger2.web.Swagger2Controller#getDocumentation(String, HttpServletRequest)] 
2020-07-15 12:20:03,311 [restartedMain] INFO  o.s.s.w.DefaultSecurityFilterChain                 - Creating filter chain: Ant [pattern='/common/**'], [] 
2020-07-15 12:20:03,311 [restartedMain] INFO  o.s.s.w.DefaultSecurityFilterChain                 - Creating filter chain: Ant [pattern='/v2/api-docs'], [] 
2020-07-15 12:20:03,312 [restartedMain] INFO  o.s.s.w.DefaultSecurityFilterChain                 - Creating filter chain: Ant [pattern='/configuration/ui'], [] 
2020-07-15 12:20:03,312 [restartedMain] INFO  o.s.s.w.DefaultSecurityFilterChain                 - Creating filter chain: Ant [pattern='/swagger-resources'], [] 
2020-07-15 12:20:03,312 [restartedMain] INFO  o.s.s.w.DefaultSecurityFilterChain                 - Creating filter chain: Ant [pattern='/configuration/security'], [] 
2020-07-15 12:20:03,312 [restartedMain] INFO  o.s.s.w.DefaultSecurityFilterChain                 - Creating filter chain: Ant [pattern='/swagger-ui.html'], [] 
2020-07-15 12:20:03,312 [restartedMain] INFO  o.s.s.w.DefaultSecurityFilterChain                 - Creating filter chain: Ant [pattern='/webjars/**'], [] 
2020-07-15 12:20:03,350 [restartedMain] INFO  o.s.s.w.DefaultSecurityFilterChain                 - Creating filter chain: any request, [org.springframework.security.web.context.request.async.WebAsyncManagerIntegrationFilter@32060e0d, org.springframework.security.web.context.SecurityContextPersistenceFilter@7b75f4fa, org.springframework.security.web.header.HeaderWriterFilter@118bd550, org.springframework.web.filter.CorsFilter@e7fc701, org.springframework.security.web.authentication.logout.LogoutFilter@38f387de, com.hvcg.api.crm.security.jwt.AuthTokenFilter@71f0b072, org.springframework.security.web.savedrequest.RequestCacheAwareFilter@7767b70d, org.springframework.security.web.servletapi.SecurityContextHolderAwareRequestFilter@66d6aa8b, org.springframework.security.web.authentication.AnonymousAuthenticationFilter@7b75eda3, org.springframework.security.web.session.SessionManagementFilter@7a7b6342, org.springframework.security.web.access.ExceptionTranslationFilter@10926b41, org.springframework.security.web.access.intercept.FilterSecurityInterceptor@5173a46] 
2020-07-15 12:20:03,469 [restartedMain] INFO  o.s.b.d.a.OptionalLiveReloadServer                 - LiveReload server is running on port 35729 
2020-07-15 12:20:03,629 [restartedMain] INFO  o.a.c.h.Http11NioProtocol                          - Starting ProtocolHandler ["http-nio-8080"] 
2020-07-15 12:20:03,667 [restartedMain] INFO  o.s.b.w.e.t.TomcatWebServer                        - Tomcat started on port(s): 8080 (http) with context path '' 
2020-07-15 12:20:03,668 [restartedMain] INFO  s.d.s.w.p.DocumentationPluginsBootstrapper         - Context refreshed 
2020-07-15 12:20:03,681 [restartedMain] INFO  s.d.s.w.p.DocumentationPluginsBootstrapper         - Found 1 custom documentation plugin(s) 
2020-07-15 12:20:03,700 [restartedMain] INFO  s.d.s.w.s.ApiListingReferenceScanner               - Scanning for api listing references 
2020-07-15 12:20:03,815 [restartedMain] INFO  s.d.s.w.r.o.CachingOperationNameGenerator          - Generating unique operation named: getAllCustomerUsingGET_1 
2020-07-15 12:20:03,838 [restartedMain] INFO  o.s.d.r.c.DeferredRepositoryInitializationListener - Triggering deferred initialization of Spring Data repositories… 
2020-07-15 12:20:04,213 [restartedMain] INFO  o.s.d.r.c.DeferredRepositoryInitializationListener - Spring Data repositories initialized! 
2020-07-15 12:20:04,220 [restartedMain] INFO  c.h.a.c.Application                                - Started Application in 4.005 seconds (JVM running for 4.929) 
2020-07-15 12:20:06,211 [http-nio-8080-exec-1] INFO  o.a.c.c.C.[.[.[/]                                  - Initializing Spring DispatcherServlet 'dispatcherServlet' 
2020-07-15 12:20:06,211 [http-nio-8080-exec-1] INFO  o.s.w.s.DispatcherServlet                          - Initializing Servlet 'dispatcherServlet' 
2020-07-15 12:20:06,217 [http-nio-8080-exec-1] INFO  o.s.w.s.DispatcherServlet                          - Completed initialization in 6 ms 
2020-07-15 12:20:19,179 [http-nio-8080-exec-3] WARN  o.s.w.s.m.m.a.ExceptionHandlerExceptionResolver    - Resolved [org.springframework.dao.InvalidDataAccessApiUsageException: org.hibernate.QueryException: could not instantiate class [com.hvcg.api.crm.dto.EmployeeDTO] from tuple; nested exception is java.lang.IllegalArgumentException: org.hibernate.QueryException: could not instantiate class [com.hvcg.api.crm.dto.EmployeeDTO] from tuple] 
2020-07-15 12:24:22,351 [SpringContextShutdownHook] INFO  o.s.o.j.LocalContainerEntityManagerFactoryBean     - Closing JPA EntityManagerFactory for persistence unit 'default' 
2020-07-15 12:24:22,353 [SpringContextShutdownHook] INFO  o.s.s.c.ThreadPoolTaskExecutor                     - Shutting down ExecutorService 'applicationTaskExecutor' 
2020-07-15 12:24:22,354 [SpringContextShutdownHook] INFO  c.z.h.HikariDataSource                             - HikariPool-1 - Shutdown initiated... 
2020-07-15 12:24:22,361 [SpringContextShutdownHook] INFO  c.z.h.HikariDataSource                             - HikariPool-1 - Shutdown completed. 
2020-07-15 13:41:57,144 [restartedMain] INFO  c.h.a.c.Application                                - Starting Application on Cuongs-MacBook-Pro.local with PID 9443 (/Users/nguyen/Documents/hvcg/api.crm work jwt 1/target/classes started by nguyen in /Users/nguyen/Documents/hvcg/api.crm work jwt 1) 
2020-07-15 13:41:57,150 [restartedMain] INFO  c.h.a.c.Application                                - No active profile set, falling back to default profiles: default 
2020-07-15 13:41:57,178 [restartedMain] INFO  o.s.b.d.e.DevToolsPropertyDefaultsPostProcessor    - Devtools property defaults active! Set 'spring.devtools.add-properties' to 'false' to disable 
2020-07-15 13:41:57,178 [restartedMain] INFO  o.s.b.d.e.DevToolsPropertyDefaultsPostProcessor    - For additional web related logging consider setting the 'logging.level.web' property to 'DEBUG' 
2020-07-15 13:41:57,937 [restartedMain] INFO  o.s.d.r.c.RepositoryConfigurationDelegate          - Bootstrapping Spring Data JPA repositories in DEFERRED mode. 
2020-07-15 13:41:58,024 [restartedMain] INFO  o.s.d.r.c.RepositoryConfigurationDelegate          - Finished Spring Data repository scanning in 80ms. Found 13 JPA repository interfaces. 
2020-07-15 13:41:58,292 [restartedMain] INFO  o.s.c.s.PostProcessorRegistrationDelegate$BeanPostProcessorChecker - Bean 'org.springframework.security.access.expression.method.DefaultMethodSecurityExpressionHandler@8d52c5c' of type [org.springframework.security.access.expression.method.DefaultMethodSecurityExpressionHandler] is not eligible for getting processed by all BeanPostProcessors (for example: not eligible for auto-proxying) 
2020-07-15 13:41:58,299 [restartedMain] INFO  o.s.c.s.PostProcessorRegistrationDelegate$BeanPostProcessorChecker - Bean 'methodSecurityMetadataSource' of type [org.springframework.security.access.method.DelegatingMethodSecurityMetadataSource] is not eligible for getting processed by all BeanPostProcessors (for example: not eligible for auto-proxying) 
2020-07-15 13:41:58,533 [restartedMain] INFO  o.s.b.w.e.t.TomcatWebServer                        - Tomcat initialized with port(s): 8080 (http) 
2020-07-15 13:41:58,541 [restartedMain] INFO  o.a.c.h.Http11NioProtocol                          - Initializing ProtocolHandler ["http-nio-8080"] 
2020-07-15 13:41:58,541 [restartedMain] INFO  o.a.c.c.StandardService                            - Starting service [Tomcat] 
2020-07-15 13:41:58,541 [restartedMain] INFO  o.a.c.c.StandardEngine                             - Starting Servlet engine: [Apache Tomcat/9.0.35] 
2020-07-15 13:41:58,599 [restartedMain] INFO  o.a.c.c.C.[.[.[/]                                  - Initializing Spring embedded WebApplicationContext 
2020-07-15 13:41:58,600 [restartedMain] INFO  o.s.w.c.ContextLoader                              - Root WebApplicationContext: initialization completed in 1422 ms 
2020-07-15 13:41:58,646 [restartedMain] WARN  o.s.b.a.o.j.JpaBaseConfiguration$JpaWebConfiguration - spring.jpa.open-in-view is enabled by default. Therefore, database queries may be performed during view rendering. Explicitly configure spring.jpa.open-in-view to disable this warning 
2020-07-15 13:41:58,738 [restartedMain] INFO  o.s.s.c.ThreadPoolTaskExecutor                     - Initializing ExecutorService 'applicationTaskExecutor' 
2020-07-15 13:41:58,775 [task-1] INFO  o.h.j.i.u.LogHelper                                - HHH000204: Processing PersistenceUnitInfo [name: default] 
2020-07-15 13:41:58,820 [task-1] INFO  o.h.Version                                        - HHH000412: Hibernate ORM core version 5.4.15.Final 
2020-07-15 13:41:58,924 [task-1] INFO  o.h.a.c.Version                                    - HCANN000001: Hibernate Commons Annotations {5.1.0.Final} 
2020-07-15 13:41:59,000 [task-1] INFO  c.z.h.HikariDataSource                             - HikariPool-1 - Starting... 
2020-07-15 13:41:59,091 [task-1] INFO  c.z.h.HikariDataSource                             - HikariPool-1 - Start completed. 
2020-07-15 13:41:59,106 [task-1] INFO  o.h.d.Dialect                                      - HHH000400: Using dialect: org.hibernate.dialect.MySQL8Dialect 
2020-07-15 13:41:59,688 [task-1] INFO  o.h.e.t.j.p.i.JtaPlatformInitiator                 - HHH000490: Using JtaPlatform implementation: [org.hibernate.engine.transaction.jta.platform.internal.NoJtaPlatform] 
2020-07-15 13:41:59,694 [task-1] INFO  o.s.o.j.LocalContainerEntityManagerFactoryBean     - Initialized JPA EntityManagerFactory for persistence unit 'default' 
2020-07-15 13:42:00,029 [restartedMain] INFO  s.d.s.w.PropertySourcedRequestMappingHandlerMapping - Mapped URL path [/v2/api-docs] onto method [springfox.documentation.swagger2.web.Swagger2Controller#getDocumentation(String, HttpServletRequest)] 
2020-07-15 13:42:00,136 [restartedMain] INFO  o.s.s.w.DefaultSecurityFilterChain                 - Creating filter chain: Ant [pattern='/common/**'], [] 
2020-07-15 13:42:00,136 [restartedMain] INFO  o.s.s.w.DefaultSecurityFilterChain                 - Creating filter chain: Ant [pattern='/v2/api-docs'], [] 
2020-07-15 13:42:00,136 [restartedMain] INFO  o.s.s.w.DefaultSecurityFilterChain                 - Creating filter chain: Ant [pattern='/configuration/ui'], [] 
2020-07-15 13:42:00,136 [restartedMain] INFO  o.s.s.w.DefaultSecurityFilterChain                 - Creating filter chain: Ant [pattern='/swagger-resources'], [] 
2020-07-15 13:42:00,136 [restartedMain] INFO  o.s.s.w.DefaultSecurityFilterChain                 - Creating filter chain: Ant [pattern='/configuration/security'], [] 
2020-07-15 13:42:00,136 [restartedMain] INFO  o.s.s.w.DefaultSecurityFilterChain                 - Creating filter chain: Ant [pattern='/swagger-ui.html'], [] 
2020-07-15 13:42:00,136 [restartedMain] INFO  o.s.s.w.DefaultSecurityFilterChain                 - Creating filter chain: Ant [pattern='/webjars/**'], [] 
2020-07-15 13:42:00,176 [restartedMain] INFO  o.s.s.w.DefaultSecurityFilterChain                 - Creating filter chain: any request, [org.springframework.security.web.context.request.async.WebAsyncManagerIntegrationFilter@2a04a4be, org.springframework.security.web.context.SecurityContextPersistenceFilter@7ee5eb21, org.springframework.security.web.header.HeaderWriterFilter@5c08bd7a, org.springframework.web.filter.CorsFilter@1621d21c, org.springframework.security.web.authentication.logout.LogoutFilter@27fcf1d6, com.hvcg.api.crm.security.jwt.AuthTokenFilter@21d89e89, org.springframework.security.web.savedrequest.RequestCacheAwareFilter@c129752, org.springframework.security.web.servletapi.SecurityContextHolderAwareRequestFilter@551e2391, org.springframework.security.web.authentication.AnonymousAuthenticationFilter@4da211ad, org.springframework.security.web.session.SessionManagementFilter@6cf4b61, org.springframework.security.web.access.ExceptionTranslationFilter@464b8e47, org.springframework.security.web.access.intercept.FilterSecurityInterceptor@554d2a88] 
2020-07-15 13:42:00,304 [restartedMain] INFO  o.s.b.d.a.OptionalLiveReloadServer                 - LiveReload server is running on port 35729 
2020-07-15 13:42:00,469 [restartedMain] INFO  o.a.c.h.Http11NioProtocol                          - Starting ProtocolHandler ["http-nio-8080"] 
2020-07-15 13:42:00,506 [restartedMain] INFO  o.s.b.w.e.t.TomcatWebServer                        - Tomcat started on port(s): 8080 (http) with context path '' 
2020-07-15 13:42:00,507 [restartedMain] INFO  s.d.s.w.p.DocumentationPluginsBootstrapper         - Context refreshed 
2020-07-15 13:42:00,519 [restartedMain] INFO  s.d.s.w.p.DocumentationPluginsBootstrapper         - Found 1 custom documentation plugin(s) 
2020-07-15 13:42:00,538 [restartedMain] INFO  s.d.s.w.s.ApiListingReferenceScanner               - Scanning for api listing references 
2020-07-15 13:42:00,657 [restartedMain] INFO  s.d.s.w.r.o.CachingOperationNameGenerator          - Generating unique operation named: getAllCustomerUsingGET_1 
2020-07-15 13:42:00,683 [restartedMain] INFO  o.s.d.r.c.DeferredRepositoryInitializationListener - Triggering deferred initialization of Spring Data repositories… 
2020-07-15 13:42:01,067 [restartedMain] INFO  o.s.d.r.c.DeferredRepositoryInitializationListener - Spring Data repositories initialized! 
2020-07-15 13:42:01,075 [restartedMain] INFO  c.h.a.c.Application                                - Started Application in 4.195 seconds (JVM running for 5.137) 
2020-07-15 13:42:05,259 [http-nio-8080-exec-1] INFO  o.a.c.c.C.[.[.[/]                                  - Initializing Spring DispatcherServlet 'dispatcherServlet' 
2020-07-15 13:42:05,260 [http-nio-8080-exec-1] INFO  o.s.w.s.DispatcherServlet                          - Initializing Servlet 'dispatcherServlet' 
2020-07-15 13:42:05,266 [http-nio-8080-exec-1] INFO  o.s.w.s.DispatcherServlet                          - Completed initialization in 6 ms 
2020-07-15 13:42:18,236 [http-nio-8080-exec-1] WARN  o.s.w.s.m.m.a.ExceptionHandlerExceptionResolver    - Resolved [org.springframework.dao.InvalidDataAccessApiUsageException: org.hibernate.QueryException: could not instantiate class [com.hvcg.api.crm.dto.EmployeeDTO] from tuple; nested exception is java.lang.IllegalArgumentException: org.hibernate.QueryException: could not instantiate class [com.hvcg.api.crm.dto.EmployeeDTO] from tuple] 
2020-07-15 13:45:09,140 [http-nio-8080-exec-4] WARN  o.s.w.s.m.m.a.ExceptionHandlerExceptionResolver    - Resolved [org.springframework.dao.InvalidDataAccessApiUsageException: org.hibernate.QueryException: could not instantiate class [com.hvcg.api.crm.dto.EmployeeDTO] from tuple; nested exception is java.lang.IllegalArgumentException: org.hibernate.QueryException: could not instantiate class [com.hvcg.api.crm.dto.EmployeeDTO] from tuple] 
2020-07-15 13:52:59,016 [SpringContextShutdownHook] INFO  o.s.o.j.LocalContainerEntityManagerFactoryBean     - Closing JPA EntityManagerFactory for persistence unit 'default' 
2020-07-15 13:52:59,018 [SpringContextShutdownHook] INFO  o.s.s.c.ThreadPoolTaskExecutor                     - Shutting down ExecutorService 'applicationTaskExecutor' 
2020-07-15 13:52:59,020 [SpringContextShutdownHook] INFO  c.z.h.HikariDataSource                             - HikariPool-1 - Shutdown initiated... 
2020-07-15 13:52:59,027 [SpringContextShutdownHook] INFO  c.z.h.HikariDataSource                             - HikariPool-1 - Shutdown completed. 
2020-07-15 19:40:02,410 [restartedMain] INFO  c.h.a.c.Application                                - Starting Application on Cuongs-MacBook-Pro.local with PID 11561 (/Users/nguyen/Documents/hvcg/api.crm work jwt 1/target/classes started by nguyen in /Users/nguyen/Documents/hvcg/api.crm work jwt 1) 
2020-07-15 19:40:02,416 [restartedMain] INFO  c.h.a.c.Application                                - No active profile set, falling back to default profiles: default 
2020-07-15 19:40:02,443 [restartedMain] INFO  o.s.b.d.e.DevToolsPropertyDefaultsPostProcessor    - Devtools property defaults active! Set 'spring.devtools.add-properties' to 'false' to disable 
2020-07-15 19:40:02,444 [restartedMain] INFO  o.s.b.d.e.DevToolsPropertyDefaultsPostProcessor    - For additional web related logging consider setting the 'logging.level.web' property to 'DEBUG' 
2020-07-15 19:40:03,181 [restartedMain] INFO  o.s.d.r.c.RepositoryConfigurationDelegate          - Bootstrapping Spring Data JPA repositories in DEFERRED mode. 
2020-07-15 19:40:03,260 [restartedMain] INFO  o.s.d.r.c.RepositoryConfigurationDelegate          - Finished Spring Data repository scanning in 71ms. Found 13 JPA repository interfaces. 
2020-07-15 19:40:03,548 [restartedMain] INFO  o.s.c.s.PostProcessorRegistrationDelegate$BeanPostProcessorChecker - Bean 'org.springframework.security.access.expression.method.DefaultMethodSecurityExpressionHandler@89507a' of type [org.springframework.security.access.expression.method.DefaultMethodSecurityExpressionHandler] is not eligible for getting processed by all BeanPostProcessors (for example: not eligible for auto-proxying) 
2020-07-15 19:40:03,556 [restartedMain] INFO  o.s.c.s.PostProcessorRegistrationDelegate$BeanPostProcessorChecker - Bean 'methodSecurityMetadataSource' of type [org.springframework.security.access.method.DelegatingMethodSecurityMetadataSource] is not eligible for getting processed by all BeanPostProcessors (for example: not eligible for auto-proxying) 
2020-07-15 19:40:03,804 [restartedMain] INFO  o.s.b.w.e.t.TomcatWebServer                        - Tomcat initialized with port(s): 8080 (http) 
2020-07-15 19:40:03,811 [restartedMain] INFO  o.a.c.h.Http11NioProtocol                          - Initializing ProtocolHandler ["http-nio-8080"] 
2020-07-15 19:40:03,812 [restartedMain] INFO  o.a.c.c.StandardService                            - Starting service [Tomcat] 
2020-07-15 19:40:03,812 [restartedMain] INFO  o.a.c.c.StandardEngine                             - Starting Servlet engine: [Apache Tomcat/9.0.35] 
2020-07-15 19:40:03,873 [restartedMain] INFO  o.a.c.c.C.[.[.[/]                                  - Initializing Spring embedded WebApplicationContext 
2020-07-15 19:40:03,873 [restartedMain] INFO  o.s.w.c.ContextLoader                              - Root WebApplicationContext: initialization completed in 1429 ms 
2020-07-15 19:40:03,919 [restartedMain] WARN  o.s.b.a.o.j.JpaBaseConfiguration$JpaWebConfiguration - spring.jpa.open-in-view is enabled by default. Therefore, database queries may be performed during view rendering. Explicitly configure spring.jpa.open-in-view to disable this warning 
2020-07-15 19:40:04,014 [restartedMain] INFO  o.s.s.c.ThreadPoolTaskExecutor                     - Initializing ExecutorService 'applicationTaskExecutor' 
2020-07-15 19:40:04,055 [task-1] INFO  o.h.j.i.u.LogHelper                                - HHH000204: Processing PersistenceUnitInfo [name: default] 
2020-07-15 19:40:04,100 [task-1] INFO  o.h.Version                                        - HHH000412: Hibernate ORM core version 5.4.15.Final 
2020-07-15 19:40:04,196 [task-1] INFO  o.h.a.c.Version                                    - HCANN000001: Hibernate Commons Annotations {5.1.0.Final} 
2020-07-15 19:40:04,279 [task-1] INFO  c.z.h.HikariDataSource                             - HikariPool-1 - Starting... 
2020-07-15 19:40:04,461 [task-1] INFO  c.z.h.HikariDataSource                             - HikariPool-1 - Start completed. 
2020-07-15 19:40:04,479 [task-1] INFO  o.h.d.Dialect                                      - HHH000400: Using dialect: org.hibernate.dialect.MySQL8Dialect 
2020-07-15 19:40:05,066 [task-1] INFO  o.h.e.t.j.p.i.JtaPlatformInitiator                 - HHH000490: Using JtaPlatform implementation: [org.hibernate.engine.transaction.jta.platform.internal.NoJtaPlatform] 
2020-07-15 19:40:05,074 [task-1] INFO  o.s.o.j.LocalContainerEntityManagerFactoryBean     - Initialized JPA EntityManagerFactory for persistence unit 'default' 
2020-07-15 19:40:05,402 [restartedMain] INFO  s.d.s.w.PropertySourcedRequestMappingHandlerMapping - Mapped URL path [/v2/api-docs] onto method [springfox.documentation.swagger2.web.Swagger2Controller#getDocumentation(String, HttpServletRequest)] 
2020-07-15 19:40:05,515 [restartedMain] INFO  o.s.s.w.DefaultSecurityFilterChain                 - Creating filter chain: Ant [pattern='/common/**'], [] 
2020-07-15 19:40:05,515 [restartedMain] INFO  o.s.s.w.DefaultSecurityFilterChain                 - Creating filter chain: Ant [pattern='/v2/api-docs'], [] 
2020-07-15 19:40:05,515 [restartedMain] INFO  o.s.s.w.DefaultSecurityFilterChain                 - Creating filter chain: Ant [pattern='/configuration/ui'], [] 
2020-07-15 19:40:05,515 [restartedMain] INFO  o.s.s.w.DefaultSecurityFilterChain                 - Creating filter chain: Ant [pattern='/swagger-resources'], [] 
2020-07-15 19:40:05,515 [restartedMain] INFO  o.s.s.w.DefaultSecurityFilterChain                 - Creating filter chain: Ant [pattern='/configuration/security'], [] 
2020-07-15 19:40:05,516 [restartedMain] INFO  o.s.s.w.DefaultSecurityFilterChain                 - Creating filter chain: Ant [pattern='/swagger-ui.html'], [] 
2020-07-15 19:40:05,516 [restartedMain] INFO  o.s.s.w.DefaultSecurityFilterChain                 - Creating filter chain: Ant [pattern='/webjars/**'], [] 
2020-07-15 19:40:05,554 [restartedMain] INFO  o.s.s.w.DefaultSecurityFilterChain                 - Creating filter chain: any request, [org.springframework.security.web.context.request.async.WebAsyncManagerIntegrationFilter@1d5ace4d, org.springframework.security.web.context.SecurityContextPersistenceFilter@6becde26, org.springframework.security.web.header.HeaderWriterFilter@3ff04c2, org.springframework.web.filter.CorsFilter@6cc03d8b, org.springframework.security.web.authentication.logout.LogoutFilter@30aba0bc, com.hvcg.api.crm.security.jwt.AuthTokenFilter@e068116, org.springframework.security.web.savedrequest.RequestCacheAwareFilter@5bf31f89, org.springframework.security.web.servletapi.SecurityContextHolderAwareRequestFilter@73957426, org.springframework.security.web.authentication.AnonymousAuthenticationFilter@fc1da8f, org.springframework.security.web.session.SessionManagementFilter@704ed39e, org.springframework.security.web.access.ExceptionTranslationFilter@453e19e1, org.springframework.security.web.access.intercept.FilterSecurityInterceptor@54b4bbe6] 
2020-07-15 19:40:05,680 [restartedMain] INFO  o.s.b.d.a.OptionalLiveReloadServer                 - LiveReload server is running on port 35729 
2020-07-15 19:40:05,838 [restartedMain] INFO  o.a.c.h.Http11NioProtocol                          - Starting ProtocolHandler ["http-nio-8080"] 
2020-07-15 19:40:05,876 [restartedMain] INFO  o.s.b.w.e.t.TomcatWebServer                        - Tomcat started on port(s): 8080 (http) with context path '' 
2020-07-15 19:40:05,877 [restartedMain] INFO  s.d.s.w.p.DocumentationPluginsBootstrapper         - Context refreshed 
2020-07-15 19:40:05,890 [restartedMain] INFO  s.d.s.w.p.DocumentationPluginsBootstrapper         - Found 1 custom documentation plugin(s) 
2020-07-15 19:40:05,909 [restartedMain] INFO  s.d.s.w.s.ApiListingReferenceScanner               - Scanning for api listing references 
2020-07-15 19:40:06,030 [restartedMain] INFO  s.d.s.w.r.o.CachingOperationNameGenerator          - Generating unique operation named: getAllCustomerUsingGET_1 
2020-07-15 19:40:06,055 [restartedMain] INFO  o.s.d.r.c.DeferredRepositoryInitializationListener - Triggering deferred initialization of Spring Data repositories… 
2020-07-15 19:40:06,439 [restartedMain] INFO  o.s.d.r.c.DeferredRepositoryInitializationListener - Spring Data repositories initialized! 
2020-07-15 19:40:06,447 [restartedMain] INFO  c.h.a.c.Application                                - Started Application in 4.274 seconds (JVM running for 5.171) 
2020-07-15 19:40:11,787 [http-nio-8080-exec-1] INFO  o.a.c.c.C.[.[.[/]                                  - Initializing Spring DispatcherServlet 'dispatcherServlet' 
2020-07-15 19:40:11,787 [http-nio-8080-exec-1] INFO  o.s.w.s.DispatcherServlet                          - Initializing Servlet 'dispatcherServlet' 
2020-07-15 19:40:11,794 [http-nio-8080-exec-1] INFO  o.s.w.s.DispatcherServlet                          - Completed initialization in 7 ms 
2020-07-15 19:42:34,022 [http-nio-8080-exec-7] WARN  o.s.w.s.m.m.a.ExceptionHandlerExceptionResolver    - Resolved [org.springframework.dao.InvalidDataAccessApiUsageException: org.hibernate.QueryException: could not instantiate class [com.hvcg.api.crm.dto.EmployeeDTO] from tuple; nested exception is java.lang.IllegalArgumentException: org.hibernate.QueryException: could not instantiate class [com.hvcg.api.crm.dto.EmployeeDTO] from tuple] 
2020-07-15 19:43:18,398 [http-nio-8080-exec-8] WARN  o.s.w.s.m.m.a.ExceptionHandlerExceptionResolver    - Resolved [org.springframework.dao.InvalidDataAccessApiUsageException: org.hibernate.QueryException: could not instantiate class [com.hvcg.api.crm.dto.EmployeeDTO] from tuple; nested exception is java.lang.IllegalArgumentException: org.hibernate.QueryException: could not instantiate class [com.hvcg.api.crm.dto.EmployeeDTO] from tuple] 
2020-07-15 19:52:11,526 [SpringContextShutdownHook] INFO  o.s.o.j.LocalContainerEntityManagerFactoryBean     - Closing JPA EntityManagerFactory for persistence unit 'default' 
2020-07-15 19:52:11,527 [SpringContextShutdownHook] INFO  o.s.s.c.ThreadPoolTaskExecutor                     - Shutting down ExecutorService 'applicationTaskExecutor' 
2020-07-15 19:52:11,528 [SpringContextShutdownHook] INFO  c.z.h.HikariDataSource                             - HikariPool-1 - Shutdown initiated... 
2020-07-15 19:52:11,533 [SpringContextShutdownHook] INFO  c.z.h.HikariDataSource                             - HikariPool-1 - Shutdown completed. 
2020-07-15 19:52:14,514 [restartedMain] INFO  c.h.a.c.Application                                - Starting Application on Cuongs-MacBook-Pro.local with PID 11606 (/Users/nguyen/Documents/hvcg/api.crm work jwt 1/target/classes started by nguyen in /Users/nguyen/Documents/hvcg/api.crm work jwt 1) 
2020-07-15 19:52:14,519 [restartedMain] INFO  c.h.a.c.Application                                - No active profile set, falling back to default profiles: default 
2020-07-15 19:52:14,545 [restartedMain] INFO  o.s.b.d.e.DevToolsPropertyDefaultsPostProcessor    - Devtools property defaults active! Set 'spring.devtools.add-properties' to 'false' to disable 
2020-07-15 19:52:14,545 [restartedMain] INFO  o.s.b.d.e.DevToolsPropertyDefaultsPostProcessor    - For additional web related logging consider setting the 'logging.level.web' property to 'DEBUG' 
2020-07-15 19:52:15,086 [restartedMain] INFO  o.s.d.r.c.RepositoryConfigurationDelegate          - Bootstrapping Spring Data JPA repositories in DEFERRED mode. 
2020-07-15 19:52:15,150 [restartedMain] INFO  o.s.d.r.c.RepositoryConfigurationDelegate          - Finished Spring Data repository scanning in 54ms. Found 13 JPA repository interfaces. 
2020-07-15 19:52:15,355 [restartedMain] INFO  o.s.c.s.PostProcessorRegistrationDelegate$BeanPostProcessorChecker - Bean 'org.springframework.security.access.expression.method.DefaultMethodSecurityExpressionHandler@31074acc' of type [org.springframework.security.access.expression.method.DefaultMethodSecurityExpressionHandler] is not eligible for getting processed by all BeanPostProcessors (for example: not eligible for auto-proxying) 
2020-07-15 19:52:15,360 [restartedMain] INFO  o.s.c.s.PostProcessorRegistrationDelegate$BeanPostProcessorChecker - Bean 'methodSecurityMetadataSource' of type [org.springframework.security.access.method.DelegatingMethodSecurityMetadataSource] is not eligible for getting processed by all BeanPostProcessors (for example: not eligible for auto-proxying) 
2020-07-15 19:52:15,532 [restartedMain] INFO  o.s.b.w.e.t.TomcatWebServer                        - Tomcat initialized with port(s): 8080 (http) 
2020-07-15 19:52:15,537 [restartedMain] INFO  o.a.c.h.Http11NioProtocol                          - Initializing ProtocolHandler ["http-nio-8080"] 
2020-07-15 19:52:15,538 [restartedMain] INFO  o.a.c.c.StandardService                            - Starting service [Tomcat] 
2020-07-15 19:52:15,538 [restartedMain] INFO  o.a.c.c.StandardEngine                             - Starting Servlet engine: [Apache Tomcat/9.0.35] 
2020-07-15 19:52:15,585 [restartedMain] INFO  o.a.c.c.C.[.[.[/]                                  - Initializing Spring embedded WebApplicationContext 
2020-07-15 19:52:15,585 [restartedMain] INFO  o.s.w.c.ContextLoader                              - Root WebApplicationContext: initialization completed in 1039 ms 
2020-07-15 19:52:15,627 [restartedMain] WARN  o.s.b.a.o.j.JpaBaseConfiguration$JpaWebConfiguration - spring.jpa.open-in-view is enabled by default. Therefore, database queries may be performed during view rendering. Explicitly configure spring.jpa.open-in-view to disable this warning 
2020-07-15 19:52:15,698 [restartedMain] INFO  o.s.s.c.ThreadPoolTaskExecutor                     - Initializing ExecutorService 'applicationTaskExecutor' 
2020-07-15 19:52:15,723 [task-1] INFO  o.h.j.i.u.LogHelper                                - HHH000204: Processing PersistenceUnitInfo [name: default] 
2020-07-15 19:52:15,746 [task-1] INFO  o.h.Version                                        - HHH000412: Hibernate ORM core version 5.4.15.Final 
2020-07-15 19:52:15,805 [task-1] INFO  o.h.a.c.Version                                    - HCANN000001: Hibernate Commons Annotations {5.1.0.Final} 
2020-07-15 19:52:15,865 [task-1] INFO  c.z.h.HikariDataSource                             - HikariPool-1 - Starting... 
2020-07-15 19:52:15,943 [task-1] INFO  c.z.h.HikariDataSource                             - HikariPool-1 - Start completed. 
2020-07-15 19:52:15,953 [task-1] INFO  o.h.d.Dialect                                      - HHH000400: Using dialect: org.hibernate.dialect.MySQL8Dialect 
2020-07-15 19:52:16,368 [task-1] INFO  o.h.e.t.j.p.i.JtaPlatformInitiator                 - HHH000490: Using JtaPlatform implementation: [org.hibernate.engine.transaction.jta.platform.internal.NoJtaPlatform] 
2020-07-15 19:52:16,372 [task-1] INFO  o.s.o.j.LocalContainerEntityManagerFactoryBean     - Initialized JPA EntityManagerFactory for persistence unit 'default' 
2020-07-15 19:52:16,611 [restartedMain] INFO  s.d.s.w.PropertySourcedRequestMappingHandlerMapping - Mapped URL path [/v2/api-docs] onto method [springfox.documentation.swagger2.web.Swagger2Controller#getDocumentation(String, HttpServletRequest)] 
2020-07-15 19:52:16,673 [restartedMain] INFO  o.s.s.w.DefaultSecurityFilterChain                 - Creating filter chain: Ant [pattern='/common/**'], [] 
2020-07-15 19:52:16,673 [restartedMain] INFO  o.s.s.w.DefaultSecurityFilterChain                 - Creating filter chain: Ant [pattern='/v2/api-docs'], [] 
2020-07-15 19:52:16,673 [restartedMain] INFO  o.s.s.w.DefaultSecurityFilterChain                 - Creating filter chain: Ant [pattern='/configuration/ui'], [] 
2020-07-15 19:52:16,673 [restartedMain] INFO  o.s.s.w.DefaultSecurityFilterChain                 - Creating filter chain: Ant [pattern='/swagger-resources'], [] 
2020-07-15 19:52:16,673 [restartedMain] INFO  o.s.s.w.DefaultSecurityFilterChain                 - Creating filter chain: Ant [pattern='/configuration/security'], [] 
2020-07-15 19:52:16,673 [restartedMain] INFO  o.s.s.w.DefaultSecurityFilterChain                 - Creating filter chain: Ant [pattern='/swagger-ui.html'], [] 
2020-07-15 19:52:16,674 [restartedMain] INFO  o.s.s.w.DefaultSecurityFilterChain                 - Creating filter chain: Ant [pattern='/webjars/**'], [] 
2020-07-15 19:52:16,704 [restartedMain] INFO  o.s.s.w.DefaultSecurityFilterChain                 - Creating filter chain: any request, [org.springframework.security.web.context.request.async.WebAsyncManagerIntegrationFilter@6a5456af, org.springframework.security.web.context.SecurityContextPersistenceFilter@3b4cc4e, org.springframework.security.web.header.HeaderWriterFilter@7ff5620b, org.springframework.web.filter.CorsFilter@56046c6d, org.springframework.security.web.authentication.logout.LogoutFilter@49e6360, com.hvcg.api.crm.security.jwt.AuthTokenFilter@516fb600, org.springframework.security.web.savedrequest.RequestCacheAwareFilter@3b776e00, org.springframework.security.web.servletapi.SecurityContextHolderAwareRequestFilter@7527afad, org.springframework.security.web.authentication.AnonymousAuthenticationFilter@40bbc6fd, org.springframework.security.web.session.SessionManagementFilter@1684f2ed, org.springframework.security.web.access.ExceptionTranslationFilter@784e6e5f, org.springframework.security.web.access.intercept.FilterSecurityInterceptor@2a72c3d3] 
2020-07-15 19:52:16,791 [restartedMain] INFO  o.s.b.d.a.OptionalLiveReloadServer                 - LiveReload server is running on port 35729 
2020-07-15 19:52:16,927 [restartedMain] INFO  o.a.c.h.Http11NioProtocol                          - Starting ProtocolHandler ["http-nio-8080"] 
2020-07-15 19:52:16,960 [restartedMain] INFO  o.s.b.w.e.t.TomcatWebServer                        - Tomcat started on port(s): 8080 (http) with context path '' 
2020-07-15 19:52:16,961 [restartedMain] INFO  s.d.s.w.p.DocumentationPluginsBootstrapper         - Context refreshed 
2020-07-15 19:52:16,967 [restartedMain] INFO  s.d.s.w.p.DocumentationPluginsBootstrapper         - Found 1 custom documentation plugin(s) 
2020-07-15 19:52:16,982 [restartedMain] INFO  s.d.s.w.s.ApiListingReferenceScanner               - Scanning for api listing references 
2020-07-15 19:52:17,070 [restartedMain] INFO  s.d.s.w.r.o.CachingOperationNameGenerator          - Generating unique operation named: getAllCustomerUsingGET_1 
2020-07-15 19:52:17,091 [restartedMain] INFO  o.s.d.r.c.DeferredRepositoryInitializationListener - Triggering deferred initialization of Spring Data repositories… 
2020-07-15 19:52:17,449 [restartedMain] INFO  o.s.d.r.c.DeferredRepositoryInitializationListener - Spring Data repositories initialized! 
2020-07-15 19:52:17,457 [restartedMain] INFO  c.h.a.c.Application                                - Started Application in 3.154 seconds (JVM running for 3.957) 
2020-07-15 19:52:19,187 [http-nio-8080-exec-1] INFO  o.a.c.c.C.[.[.[/]                                  - Initializing Spring DispatcherServlet 'dispatcherServlet' 
2020-07-15 19:52:19,188 [http-nio-8080-exec-1] INFO  o.s.w.s.DispatcherServlet                          - Initializing Servlet 'dispatcherServlet' 
2020-07-15 19:52:19,193 [http-nio-8080-exec-1] INFO  o.s.w.s.DispatcherServlet                          - Completed initialization in 5 ms 
2020-07-15 19:52:37,146 [http-nio-8080-exec-3] WARN  o.s.w.s.m.m.a.ExceptionHandlerExceptionResolver    - Resolved [org.springframework.dao.InvalidDataAccessApiUsageException: org.hibernate.QueryException: could not instantiate class [com.hvcg.api.crm.dto.EmployeeDTO] from tuple; nested exception is java.lang.IllegalArgumentException: org.hibernate.QueryException: could not instantiate class [com.hvcg.api.crm.dto.EmployeeDTO] from tuple] 
2020-07-15 19:54:17,217 [http-nio-8080-exec-7] WARN  o.s.w.s.m.m.a.ExceptionHandlerExceptionResolver    - Resolved [org.springframework.dao.InvalidDataAccessApiUsageException: org.hibernate.QueryException: could not instantiate class [com.hvcg.api.crm.dto.EmployeeDTO] from tuple; nested exception is java.lang.IllegalArgumentException: org.hibernate.QueryException: could not instantiate class [com.hvcg.api.crm.dto.EmployeeDTO] from tuple] 
2020-07-15 19:54:47,196 [http-nio-8080-exec-9] WARN  o.s.w.s.m.m.a.ExceptionHandlerExceptionResolver    - Resolved [org.springframework.dao.InvalidDataAccessApiUsageException: org.hibernate.QueryException: could not instantiate class [com.hvcg.api.crm.dto.EmployeeDTO] from tuple; nested exception is java.lang.IllegalArgumentException: org.hibernate.QueryException: could not instantiate class [com.hvcg.api.crm.dto.EmployeeDTO] from tuple] 
2020-07-15 19:54:49,281 [http-nio-8080-exec-10] WARN  o.s.w.s.m.m.a.ExceptionHandlerExceptionResolver    - Resolved [org.springframework.dao.InvalidDataAccessApiUsageException: org.hibernate.QueryException: could not instantiate class [com.hvcg.api.crm.dto.EmployeeDTO] from tuple; nested exception is java.lang.IllegalArgumentException: org.hibernate.QueryException: could not instantiate class [com.hvcg.api.crm.dto.EmployeeDTO] from tuple] 
2020-07-15 19:55:04,052 [http-nio-8080-exec-6] WARN  o.s.w.s.m.m.a.ExceptionHandlerExceptionResolver    - Resolved [org.springframework.dao.InvalidDataAccessApiUsageException: org.hibernate.QueryException: could not instantiate class [com.hvcg.api.crm.dto.EmployeeDTO] from tuple; nested exception is java.lang.IllegalArgumentException: org.hibernate.QueryException: could not instantiate class [com.hvcg.api.crm.dto.EmployeeDTO] from tuple] 
2020-07-15 19:56:37,058 [http-nio-8080-exec-7] WARN  o.s.w.s.m.m.a.ExceptionHandlerExceptionResolver    - Resolved [org.springframework.dao.InvalidDataAccessApiUsageException: org.hibernate.QueryException: could not instantiate class [com.hvcg.api.crm.dto.EmployeeDTO] from tuple; nested exception is java.lang.IllegalArgumentException: org.hibernate.QueryException: could not instantiate class [com.hvcg.api.crm.dto.EmployeeDTO] from tuple] 
2020-07-15 20:02:15,997 [SpringContextShutdownHook] INFO  o.s.o.j.LocalContainerEntityManagerFactoryBean     - Closing JPA EntityManagerFactory for persistence unit 'default' 
2020-07-15 20:02:15,998 [SpringContextShutdownHook] INFO  o.s.s.c.ThreadPoolTaskExecutor                     - Shutting down ExecutorService 'applicationTaskExecutor' 
2020-07-15 20:02:15,999 [SpringContextShutdownHook] INFO  c.z.h.HikariDataSource                             - HikariPool-1 - Shutdown initiated... 
2020-07-15 20:02:16,005 [SpringContextShutdownHook] INFO  c.z.h.HikariDataSource                             - HikariPool-1 - Shutdown completed. 
2020-07-15 20:02:18,824 [restartedMain] INFO  c.h.a.c.Application                                - Starting Application on Cuongs-MacBook-Pro.local with PID 11654 (/Users/nguyen/Documents/hvcg/api.crm work jwt 1/target/classes started by nguyen in /Users/nguyen/Documents/hvcg/api.crm work jwt 1) 
2020-07-15 20:02:18,828 [restartedMain] INFO  c.h.a.c.Application                                - No active profile set, falling back to default profiles: default 
2020-07-15 20:02:18,852 [restartedMain] INFO  o.s.b.d.e.DevToolsPropertyDefaultsPostProcessor    - Devtools property defaults active! Set 'spring.devtools.add-properties' to 'false' to disable 
2020-07-15 20:02:18,852 [restartedMain] INFO  o.s.b.d.e.DevToolsPropertyDefaultsPostProcessor    - For additional web related logging consider setting the 'logging.level.web' property to 'DEBUG' 
2020-07-15 20:02:19,376 [restartedMain] INFO  o.s.d.r.c.RepositoryConfigurationDelegate          - Bootstrapping Spring Data JPA repositories in DEFERRED mode. 
2020-07-15 20:02:19,444 [restartedMain] INFO  o.s.d.r.c.RepositoryConfigurationDelegate          - Finished Spring Data repository scanning in 65ms. Found 13 JPA repository interfaces. 
2020-07-15 20:02:19,619 [restartedMain] INFO  o.s.c.s.PostProcessorRegistrationDelegate$BeanPostProcessorChecker - Bean 'org.springframework.security.access.expression.method.DefaultMethodSecurityExpressionHandler@15e046ee' of type [org.springframework.security.access.expression.method.DefaultMethodSecurityExpressionHandler] is not eligible for getting processed by all BeanPostProcessors (for example: not eligible for auto-proxying) 
2020-07-15 20:02:19,631 [restartedMain] INFO  o.s.c.s.PostProcessorRegistrationDelegate$BeanPostProcessorChecker - Bean 'methodSecurityMetadataSource' of type [org.springframework.security.access.method.DelegatingMethodSecurityMetadataSource] is not eligible for getting processed by all BeanPostProcessors (for example: not eligible for auto-proxying) 
2020-07-15 20:02:19,800 [restartedMain] INFO  o.s.b.w.e.t.TomcatWebServer                        - Tomcat initialized with port(s): 8080 (http) 
2020-07-15 20:02:19,806 [restartedMain] INFO  o.a.c.h.Http11NioProtocol                          - Initializing ProtocolHandler ["http-nio-8080"] 
2020-07-15 20:02:19,806 [restartedMain] INFO  o.a.c.c.StandardService                            - Starting service [Tomcat] 
2020-07-15 20:02:19,806 [restartedMain] INFO  o.a.c.c.StandardEngine                             - Starting Servlet engine: [Apache Tomcat/9.0.35] 
2020-07-15 20:02:19,853 [restartedMain] INFO  o.a.c.c.C.[.[.[/]                                  - Initializing Spring embedded WebApplicationContext 
2020-07-15 20:02:19,853 [restartedMain] INFO  o.s.w.c.ContextLoader                              - Root WebApplicationContext: initialization completed in 1000 ms 
2020-07-15 20:02:19,896 [restartedMain] WARN  o.s.b.a.o.j.JpaBaseConfiguration$JpaWebConfiguration - spring.jpa.open-in-view is enabled by default. Therefore, database queries may be performed during view rendering. Explicitly configure spring.jpa.open-in-view to disable this warning 
2020-07-15 20:02:19,962 [restartedMain] INFO  o.s.s.c.ThreadPoolTaskExecutor                     - Initializing ExecutorService 'applicationTaskExecutor' 
2020-07-15 20:02:19,985 [task-1] INFO  o.h.j.i.u.LogHelper                                - HHH000204: Processing PersistenceUnitInfo [name: default] 
2020-07-15 20:02:20,005 [task-1] INFO  o.h.Version                                        - HHH000412: Hibernate ORM core version 5.4.15.Final 
2020-07-15 20:02:20,056 [task-1] INFO  o.h.a.c.Version                                    - HCANN000001: Hibernate Commons Annotations {5.1.0.Final} 
2020-07-15 20:02:20,103 [task-1] INFO  c.z.h.HikariDataSource                             - HikariPool-1 - Starting... 
2020-07-15 20:02:20,186 [task-1] INFO  c.z.h.HikariDataSource                             - HikariPool-1 - Start completed. 
2020-07-15 20:02:20,196 [task-1] INFO  o.h.d.Dialect                                      - HHH000400: Using dialect: org.hibernate.dialect.MySQL8Dialect 
2020-07-15 20:02:20,600 [task-1] INFO  o.h.e.t.j.p.i.JtaPlatformInitiator                 - HHH000490: Using JtaPlatform implementation: [org.hibernate.engine.transaction.jta.platform.internal.NoJtaPlatform] 
2020-07-15 20:02:20,604 [task-1] INFO  o.s.o.j.LocalContainerEntityManagerFactoryBean     - Initialized JPA EntityManagerFactory for persistence unit 'default' 
2020-07-15 20:02:20,843 [restartedMain] INFO  s.d.s.w.PropertySourcedRequestMappingHandlerMapping - Mapped URL path [/v2/api-docs] onto method [springfox.documentation.swagger2.web.Swagger2Controller#getDocumentation(String, HttpServletRequest)] 
2020-07-15 20:02:20,904 [restartedMain] INFO  o.s.s.w.DefaultSecurityFilterChain                 - Creating filter chain: Ant [pattern='/common/**'], [] 
2020-07-15 20:02:20,904 [restartedMain] INFO  o.s.s.w.DefaultSecurityFilterChain                 - Creating filter chain: Ant [pattern='/v2/api-docs'], [] 
2020-07-15 20:02:20,904 [restartedMain] INFO  o.s.s.w.DefaultSecurityFilterChain                 - Creating filter chain: Ant [pattern='/configuration/ui'], [] 
2020-07-15 20:02:20,904 [restartedMain] INFO  o.s.s.w.DefaultSecurityFilterChain                 - Creating filter chain: Ant [pattern='/swagger-resources'], [] 
2020-07-15 20:02:20,904 [restartedMain] INFO  o.s.s.w.DefaultSecurityFilterChain                 - Creating filter chain: Ant [pattern='/configuration/security'], [] 
2020-07-15 20:02:20,904 [restartedMain] INFO  o.s.s.w.DefaultSecurityFilterChain                 - Creating filter chain: Ant [pattern='/swagger-ui.html'], [] 
2020-07-15 20:02:20,904 [restartedMain] INFO  o.s.s.w.DefaultSecurityFilterChain                 - Creating filter chain: Ant [pattern='/webjars/**'], [] 
2020-07-15 20:02:20,932 [restartedMain] INFO  o.s.s.w.DefaultSecurityFilterChain                 - Creating filter chain: any request, [org.springframework.security.web.context.request.async.WebAsyncManagerIntegrationFilter@17a96543, org.springframework.security.web.context.SecurityContextPersistenceFilter@3a9cf9e9, org.springframework.security.web.header.HeaderWriterFilter@150b993b, org.springframework.web.filter.CorsFilter@440f36f2, org.springframework.security.web.authentication.logout.LogoutFilter@3edff68f, com.hvcg.api.crm.security.jwt.AuthTokenFilter@850cab2, org.springframework.security.web.savedrequest.RequestCacheAwareFilter@6829ff83, org.springframework.security.web.servletapi.SecurityContextHolderAwareRequestFilter@26ad3a8c, org.springframework.security.web.authentication.AnonymousAuthenticationFilter@75fac95c, org.springframework.security.web.session.SessionManagementFilter@4a0c3350, org.springframework.security.web.access.ExceptionTranslationFilter@6db09089, org.springframework.security.web.access.intercept.FilterSecurityInterceptor@46d2a4e0] 
2020-07-15 20:02:21,019 [restartedMain] INFO  o.s.b.d.a.OptionalLiveReloadServer                 - LiveReload server is running on port 35729 
2020-07-15 20:02:21,142 [restartedMain] INFO  o.a.c.h.Http11NioProtocol                          - Starting ProtocolHandler ["http-nio-8080"] 
2020-07-15 20:02:21,173 [restartedMain] INFO  o.s.b.w.e.t.TomcatWebServer                        - Tomcat started on port(s): 8080 (http) with context path '' 
2020-07-15 20:02:21,174 [restartedMain] INFO  s.d.s.w.p.DocumentationPluginsBootstrapper         - Context refreshed 
2020-07-15 20:02:21,180 [restartedMain] INFO  s.d.s.w.p.DocumentationPluginsBootstrapper         - Found 1 custom documentation plugin(s) 
2020-07-15 20:02:21,193 [restartedMain] INFO  s.d.s.w.s.ApiListingReferenceScanner               - Scanning for api listing references 
2020-07-15 20:02:21,276 [restartedMain] INFO  s.d.s.w.r.o.CachingOperationNameGenerator          - Generating unique operation named: getAllCustomerUsingGET_1 
2020-07-15 20:02:21,297 [restartedMain] INFO  o.s.d.r.c.DeferredRepositoryInitializationListener - Triggering deferred initialization of Spring Data repositories… 
2020-07-15 20:02:21,603 [restartedMain] INFO  o.s.d.r.c.DeferredRepositoryInitializationListener - Spring Data repositories initialized! 
2020-07-15 20:02:21,610 [restartedMain] INFO  c.h.a.c.Application                                - Started Application in 2.972 seconds (JVM running for 3.816) 
2020-07-15 20:02:26,367 [http-nio-8080-exec-1] INFO  o.a.c.c.C.[.[.[/]                                  - Initializing Spring DispatcherServlet 'dispatcherServlet' 
2020-07-15 20:02:26,367 [http-nio-8080-exec-1] INFO  o.s.w.s.DispatcherServlet                          - Initializing Servlet 'dispatcherServlet' 
2020-07-15 20:02:26,372 [http-nio-8080-exec-1] INFO  o.s.w.s.DispatcherServlet                          - Completed initialization in 5 ms 
2020-07-15 20:02:53,828 [http-nio-8080-exec-2] WARN  o.s.w.s.m.m.a.ExceptionHandlerExceptionResolver    - Resolved [org.springframework.dao.InvalidDataAccessApiUsageException: org.hibernate.QueryException: could not instantiate class [com.hvcg.api.crm.dto.EmployeeDTO] from tuple; nested exception is java.lang.IllegalArgumentException: org.hibernate.QueryException: could not instantiate class [com.hvcg.api.crm.dto.EmployeeDTO] from tuple] 
2020-07-15 20:12:21,390 [SpringContextShutdownHook] INFO  o.s.o.j.LocalContainerEntityManagerFactoryBean     - Closing JPA EntityManagerFactory for persistence unit 'default' 
2020-07-15 20:12:21,391 [SpringContextShutdownHook] INFO  o.s.s.c.ThreadPoolTaskExecutor                     - Shutting down ExecutorService 'applicationTaskExecutor' 
2020-07-15 20:12:21,392 [SpringContextShutdownHook] INFO  c.z.h.HikariDataSource                             - HikariPool-1 - Shutdown initiated... 
2020-07-15 20:12:21,398 [SpringContextShutdownHook] INFO  c.z.h.HikariDataSource                             - HikariPool-1 - Shutdown completed. 
2020-07-15 20:21:52,979 [restartedMain] INFO  c.h.a.c.Application                                - Starting Application on Cuongs-MacBook-Pro.local with PID 11840 (/Users/nguyen/Documents/hvcg/api.crm work jwt 1/target/classes started by nguyen in /Users/nguyen/Documents/hvcg/api.crm work jwt 1) 
2020-07-15 20:21:52,984 [restartedMain] INFO  c.h.a.c.Application                                - No active profile set, falling back to default profiles: default 
2020-07-15 20:21:53,008 [restartedMain] INFO  o.s.b.d.e.DevToolsPropertyDefaultsPostProcessor    - Devtools property defaults active! Set 'spring.devtools.add-properties' to 'false' to disable 
2020-07-15 20:21:53,008 [restartedMain] INFO  o.s.b.d.e.DevToolsPropertyDefaultsPostProcessor    - For additional web related logging consider setting the 'logging.level.web' property to 'DEBUG' 
2020-07-15 20:21:53,517 [restartedMain] INFO  o.s.d.r.c.RepositoryConfigurationDelegate          - Bootstrapping Spring Data JPA repositories in DEFERRED mode. 
2020-07-15 20:21:53,579 [restartedMain] INFO  o.s.d.r.c.RepositoryConfigurationDelegate          - Finished Spring Data repository scanning in 58ms. Found 13 JPA repository interfaces. 
2020-07-15 20:21:53,774 [restartedMain] INFO  o.s.c.s.PostProcessorRegistrationDelegate$BeanPostProcessorChecker - Bean 'org.springframework.security.access.expression.method.DefaultMethodSecurityExpressionHandler@54a9411f' of type [org.springframework.security.access.expression.method.DefaultMethodSecurityExpressionHandler] is not eligible for getting processed by all BeanPostProcessors (for example: not eligible for auto-proxying) 
2020-07-15 20:21:53,779 [restartedMain] INFO  o.s.c.s.PostProcessorRegistrationDelegate$BeanPostProcessorChecker - Bean 'methodSecurityMetadataSource' of type [org.springframework.security.access.method.DelegatingMethodSecurityMetadataSource] is not eligible for getting processed by all BeanPostProcessors (for example: not eligible for auto-proxying) 
2020-07-15 20:21:53,944 [restartedMain] INFO  o.s.b.w.e.t.TomcatWebServer                        - Tomcat initialized with port(s): 8080 (http) 
2020-07-15 20:21:53,949 [restartedMain] INFO  o.a.c.h.Http11NioProtocol                          - Initializing ProtocolHandler ["http-nio-8080"] 
2020-07-15 20:21:53,950 [restartedMain] INFO  o.a.c.c.StandardService                            - Starting service [Tomcat] 
2020-07-15 20:21:53,950 [restartedMain] INFO  o.a.c.c.StandardEngine                             - Starting Servlet engine: [Apache Tomcat/9.0.35] 
2020-07-15 20:21:53,994 [restartedMain] INFO  o.a.c.c.C.[.[.[/]                                  - Initializing Spring embedded WebApplicationContext 
2020-07-15 20:21:53,994 [restartedMain] INFO  o.s.w.c.ContextLoader                              - Root WebApplicationContext: initialization completed in 986 ms 
2020-07-15 20:21:54,037 [restartedMain] WARN  o.s.b.a.o.j.JpaBaseConfiguration$JpaWebConfiguration - spring.jpa.open-in-view is enabled by default. Therefore, database queries may be performed during view rendering. Explicitly configure spring.jpa.open-in-view to disable this warning 
2020-07-15 20:21:54,098 [restartedMain] INFO  o.s.s.c.ThreadPoolTaskExecutor                     - Initializing ExecutorService 'applicationTaskExecutor' 
2020-07-15 20:21:54,119 [task-1] INFO  o.h.j.i.u.LogHelper                                - HHH000204: Processing PersistenceUnitInfo [name: default] 
2020-07-15 20:21:54,139 [task-1] INFO  o.h.Version                                        - HHH000412: Hibernate ORM core version 5.4.15.Final 
2020-07-15 20:21:54,192 [task-1] INFO  o.h.a.c.Version                                    - HCANN000001: Hibernate Commons Annotations {5.1.0.Final} 
2020-07-15 20:21:54,247 [task-1] INFO  c.z.h.HikariDataSource                             - HikariPool-1 - Starting... 
2020-07-15 20:21:54,324 [task-1] INFO  c.z.h.HikariDataSource                             - HikariPool-1 - Start completed. 
2020-07-15 20:21:54,334 [task-1] INFO  o.h.d.Dialect                                      - HHH000400: Using dialect: org.hibernate.dialect.MySQL8Dialect 
2020-07-15 20:21:54,737 [task-1] INFO  o.h.e.t.j.p.i.JtaPlatformInitiator                 - HHH000490: Using JtaPlatform implementation: [org.hibernate.engine.transaction.jta.platform.internal.NoJtaPlatform] 
2020-07-15 20:21:54,740 [task-1] INFO  o.s.o.j.LocalContainerEntityManagerFactoryBean     - Initialized JPA EntityManagerFactory for persistence unit 'default' 
2020-07-15 20:21:54,971 [restartedMain] INFO  s.d.s.w.PropertySourcedRequestMappingHandlerMapping - Mapped URL path [/v2/api-docs] onto method [springfox.documentation.swagger2.web.Swagger2Controller#getDocumentation(String, HttpServletRequest)] 
2020-07-15 20:21:55,034 [restartedMain] INFO  o.s.s.w.DefaultSecurityFilterChain                 - Creating filter chain: Ant [pattern='/common/**'], [] 
2020-07-15 20:21:55,034 [restartedMain] INFO  o.s.s.w.DefaultSecurityFilterChain                 - Creating filter chain: Ant [pattern='/v2/api-docs'], [] 
2020-07-15 20:21:55,034 [restartedMain] INFO  o.s.s.w.DefaultSecurityFilterChain                 - Creating filter chain: Ant [pattern='/configuration/ui'], [] 
2020-07-15 20:21:55,034 [restartedMain] INFO  o.s.s.w.DefaultSecurityFilterChain                 - Creating filter chain: Ant [pattern='/swagger-resources'], [] 
2020-07-15 20:21:55,035 [restartedMain] INFO  o.s.s.w.DefaultSecurityFilterChain                 - Creating filter chain: Ant [pattern='/configuration/security'], [] 
2020-07-15 20:21:55,035 [restartedMain] INFO  o.s.s.w.DefaultSecurityFilterChain                 - Creating filter chain: Ant [pattern='/swagger-ui.html'], [] 
2020-07-15 20:21:55,035 [restartedMain] INFO  o.s.s.w.DefaultSecurityFilterChain                 - Creating filter chain: Ant [pattern='/webjars/**'], [] 
2020-07-15 20:21:55,061 [restartedMain] INFO  o.s.s.w.DefaultSecurityFilterChain                 - Creating filter chain: any request, [org.springframework.security.web.context.request.async.WebAsyncManagerIntegrationFilter@48bb1154, org.springframework.security.web.context.SecurityContextPersistenceFilter@432e286, org.springframework.security.web.header.HeaderWriterFilter@598f0284, org.springframework.web.filter.CorsFilter@601fe10c, org.springframework.security.web.authentication.logout.LogoutFilter@50cd9f0f, com.hvcg.api.crm.security.jwt.AuthTokenFilter@458806a4, org.springframework.security.web.savedrequest.RequestCacheAwareFilter@31abd84c, org.springframework.security.web.servletapi.SecurityContextHolderAwareRequestFilter@7f6f4630, org.springframework.security.web.authentication.AnonymousAuthenticationFilter@6ea0e6a6, org.springframework.security.web.session.SessionManagementFilter@38d3c65c, org.springframework.security.web.access.ExceptionTranslationFilter@26ad3a8c, org.springframework.security.web.access.intercept.FilterSecurityInterceptor@5a5a53a] 
2020-07-15 20:21:55,148 [restartedMain] INFO  o.s.b.d.a.OptionalLiveReloadServer                 - LiveReload server is running on port 35729 
2020-07-15 20:21:55,281 [restartedMain] INFO  o.a.c.h.Http11NioProtocol                          - Starting ProtocolHandler ["http-nio-8080"] 
2020-07-15 20:21:55,314 [restartedMain] INFO  o.s.b.w.e.t.TomcatWebServer                        - Tomcat started on port(s): 8080 (http) with context path '' 
2020-07-15 20:21:55,315 [restartedMain] INFO  s.d.s.w.p.DocumentationPluginsBootstrapper         - Context refreshed 
2020-07-15 20:21:55,321 [restartedMain] INFO  s.d.s.w.p.DocumentationPluginsBootstrapper         - Found 1 custom documentation plugin(s) 
2020-07-15 20:21:55,335 [restartedMain] INFO  s.d.s.w.s.ApiListingReferenceScanner               - Scanning for api listing references 
2020-07-15 20:21:55,419 [restartedMain] INFO  s.d.s.w.r.o.CachingOperationNameGenerator          - Generating unique operation named: getAllCustomerUsingGET_1 
2020-07-15 20:21:55,440 [restartedMain] INFO  o.s.d.r.c.DeferredRepositoryInitializationListener - Triggering deferred initialization of Spring Data repositories… 
2020-07-15 20:21:55,770 [restartedMain] INFO  o.s.d.r.c.DeferredRepositoryInitializationListener - Spring Data repositories initialized! 
2020-07-15 20:21:55,777 [restartedMain] INFO  c.h.a.c.Application                                - Started Application in 2.997 seconds (JVM running for 3.796) 
2020-07-15 20:21:59,986 [http-nio-8080-exec-1] INFO  o.a.c.c.C.[.[.[/]                                  - Initializing Spring DispatcherServlet 'dispatcherServlet' 
2020-07-15 20:21:59,986 [http-nio-8080-exec-1] INFO  o.s.w.s.DispatcherServlet                          - Initializing Servlet 'dispatcherServlet' 
2020-07-15 20:21:59,991 [http-nio-8080-exec-1] INFO  o.s.w.s.DispatcherServlet                          - Completed initialization in 5 ms 
2020-07-15 20:22:13,281 [http-nio-8080-exec-1] WARN  o.s.w.s.m.m.a.ExceptionHandlerExceptionResolver    - Resolved [org.springframework.dao.IncorrectResultSizeDataAccessException: query did not return a unique result: 2; nested exception is javax.persistence.NonUniqueResultException: query did not return a unique result: 2] 
2020-07-15 20:23:10,127 [SpringContextShutdownHook] INFO  o.s.o.j.LocalContainerEntityManagerFactoryBean     - Closing JPA EntityManagerFactory for persistence unit 'default' 
2020-07-15 20:23:10,127 [SpringContextShutdownHook] INFO  o.s.s.c.ThreadPoolTaskExecutor                     - Shutting down ExecutorService 'applicationTaskExecutor' 
2020-07-15 20:23:10,128 [SpringContextShutdownHook] INFO  c.z.h.HikariDataSource                             - HikariPool-1 - Shutdown initiated... 
2020-07-15 20:23:10,134 [SpringContextShutdownHook] INFO  c.z.h.HikariDataSource                             - HikariPool-1 - Shutdown completed. 
2020-07-15 20:23:13,131 [restartedMain] INFO  c.h.a.c.Application                                - Starting Application on Cuongs-MacBook-Pro.local with PID 11856 (/Users/nguyen/Documents/hvcg/api.crm work jwt 1/target/classes started by nguyen in /Users/nguyen/Documents/hvcg/api.crm work jwt 1) 
2020-07-15 20:23:13,138 [restartedMain] INFO  c.h.a.c.Application                                - No active profile set, falling back to default profiles: default 
2020-07-15 20:23:13,165 [restartedMain] INFO  o.s.b.d.e.DevToolsPropertyDefaultsPostProcessor    - Devtools property defaults active! Set 'spring.devtools.add-properties' to 'false' to disable 
2020-07-15 20:23:13,166 [restartedMain] INFO  o.s.b.d.e.DevToolsPropertyDefaultsPostProcessor    - For additional web related logging consider setting the 'logging.level.web' property to 'DEBUG' 
2020-07-15 20:23:13,696 [restartedMain] INFO  o.s.d.r.c.RepositoryConfigurationDelegate          - Bootstrapping Spring Data JPA repositories in DEFERRED mode. 
2020-07-15 20:23:13,759 [restartedMain] INFO  o.s.d.r.c.RepositoryConfigurationDelegate          - Finished Spring Data repository scanning in 60ms. Found 13 JPA repository interfaces. 
2020-07-15 20:23:13,958 [restartedMain] INFO  o.s.c.s.PostProcessorRegistrationDelegate$BeanPostProcessorChecker - Bean 'org.springframework.security.access.expression.method.DefaultMethodSecurityExpressionHandler@50aef9b3' of type [org.springframework.security.access.expression.method.DefaultMethodSecurityExpressionHandler] is not eligible for getting processed by all BeanPostProcessors (for example: not eligible for auto-proxying) 
2020-07-15 20:23:13,964 [restartedMain] INFO  o.s.c.s.PostProcessorRegistrationDelegate$BeanPostProcessorChecker - Bean 'methodSecurityMetadataSource' of type [org.springframework.security.access.method.DelegatingMethodSecurityMetadataSource] is not eligible for getting processed by all BeanPostProcessors (for example: not eligible for auto-proxying) 
2020-07-15 20:23:14,122 [restartedMain] INFO  o.s.b.w.e.t.TomcatWebServer                        - Tomcat initialized with port(s): 8080 (http) 
2020-07-15 20:23:14,127 [restartedMain] INFO  o.a.c.h.Http11NioProtocol                          - Initializing ProtocolHandler ["http-nio-8080"] 
2020-07-15 20:23:14,127 [restartedMain] INFO  o.a.c.c.StandardService                            - Starting service [Tomcat] 
2020-07-15 20:23:14,128 [restartedMain] INFO  o.a.c.c.StandardEngine                             - Starting Servlet engine: [Apache Tomcat/9.0.35] 
2020-07-15 20:23:14,170 [restartedMain] INFO  o.a.c.c.C.[.[.[/]                                  - Initializing Spring embedded WebApplicationContext 
2020-07-15 20:23:14,170 [restartedMain] INFO  o.s.w.c.ContextLoader                              - Root WebApplicationContext: initialization completed in 1004 ms 
2020-07-15 20:23:14,213 [restartedMain] WARN  o.s.b.a.o.j.JpaBaseConfiguration$JpaWebConfiguration - spring.jpa.open-in-view is enabled by default. Therefore, database queries may be performed during view rendering. Explicitly configure spring.jpa.open-in-view to disable this warning 
2020-07-15 20:23:14,279 [restartedMain] INFO  o.s.s.c.ThreadPoolTaskExecutor                     - Initializing ExecutorService 'applicationTaskExecutor' 
2020-07-15 20:23:14,304 [task-1] INFO  o.h.j.i.u.LogHelper                                - HHH000204: Processing PersistenceUnitInfo [name: default] 
2020-07-15 20:23:14,325 [task-1] INFO  o.h.Version                                        - HHH000412: Hibernate ORM core version 5.4.15.Final 
2020-07-15 20:23:14,379 [task-1] INFO  o.h.a.c.Version                                    - HCANN000001: Hibernate Commons Annotations {5.1.0.Final} 
2020-07-15 20:23:14,436 [task-1] INFO  c.z.h.HikariDataSource                             - HikariPool-1 - Starting... 
2020-07-15 20:23:14,509 [task-1] INFO  c.z.h.HikariDataSource                             - HikariPool-1 - Start completed. 
2020-07-15 20:23:14,518 [task-1] INFO  o.h.d.Dialect                                      - HHH000400: Using dialect: org.hibernate.dialect.MySQL8Dialect 
2020-07-15 20:23:14,909 [task-1] INFO  o.h.e.t.j.p.i.JtaPlatformInitiator                 - HHH000490: Using JtaPlatform implementation: [org.hibernate.engine.transaction.jta.platform.internal.NoJtaPlatform] 
2020-07-15 20:23:14,913 [task-1] INFO  o.s.o.j.LocalContainerEntityManagerFactoryBean     - Initialized JPA EntityManagerFactory for persistence unit 'default' 
2020-07-15 20:23:15,147 [restartedMain] INFO  s.d.s.w.PropertySourcedRequestMappingHandlerMapping - Mapped URL path [/v2/api-docs] onto method [springfox.documentation.swagger2.web.Swagger2Controller#getDocumentation(String, HttpServletRequest)] 
2020-07-15 20:23:15,206 [restartedMain] INFO  o.s.s.w.DefaultSecurityFilterChain                 - Creating filter chain: Ant [pattern='/common/**'], [] 
2020-07-15 20:23:15,206 [restartedMain] INFO  o.s.s.w.DefaultSecurityFilterChain                 - Creating filter chain: Ant [pattern='/v2/api-docs'], [] 
2020-07-15 20:23:15,206 [restartedMain] INFO  o.s.s.w.DefaultSecurityFilterChain                 - Creating filter chain: Ant [pattern='/configuration/ui'], [] 
2020-07-15 20:23:15,206 [restartedMain] INFO  o.s.s.w.DefaultSecurityFilterChain                 - Creating filter chain: Ant [pattern='/swagger-resources'], [] 
2020-07-15 20:23:15,207 [restartedMain] INFO  o.s.s.w.DefaultSecurityFilterChain                 - Creating filter chain: Ant [pattern='/configuration/security'], [] 
2020-07-15 20:23:15,207 [restartedMain] INFO  o.s.s.w.DefaultSecurityFilterChain                 - Creating filter chain: Ant [pattern='/swagger-ui.html'], [] 
2020-07-15 20:23:15,207 [restartedMain] INFO  o.s.s.w.DefaultSecurityFilterChain                 - Creating filter chain: Ant [pattern='/webjars/**'], [] 
2020-07-15 20:23:15,233 [restartedMain] INFO  o.s.s.w.DefaultSecurityFilterChain                 - Creating filter chain: any request, [org.springframework.security.web.context.request.async.WebAsyncManagerIntegrationFilter@353b1608, org.springframework.security.web.context.SecurityContextPersistenceFilter@6ad7c7af, org.springframework.security.web.header.HeaderWriterFilter@748efed1, org.springframework.web.filter.CorsFilter@7d0df3e8, org.springframework.security.web.authentication.logout.LogoutFilter@70c30812, com.hvcg.api.crm.security.jwt.AuthTokenFilter@c94a433, org.springframework.security.web.savedrequest.RequestCacheAwareFilter@47915ef8, org.springframework.security.web.servletapi.SecurityContextHolderAwareRequestFilter@1aa9ee7b, org.springframework.security.web.authentication.AnonymousAuthenticationFilter@ffc3690, org.springframework.security.web.session.SessionManagementFilter@1990bbe6, org.springframework.security.web.access.ExceptionTranslationFilter@76173d04, org.springframework.security.web.access.intercept.FilterSecurityInterceptor@4a104dda] 
2020-07-15 20:23:15,322 [restartedMain] INFO  o.s.b.d.a.OptionalLiveReloadServer                 - LiveReload server is running on port 35729 
2020-07-15 20:23:15,454 [restartedMain] INFO  o.a.c.h.Http11NioProtocol                          - Starting ProtocolHandler ["http-nio-8080"] 
2020-07-15 20:23:15,486 [restartedMain] INFO  o.s.b.w.e.t.TomcatWebServer                        - Tomcat started on port(s): 8080 (http) with context path '' 
2020-07-15 20:23:15,487 [restartedMain] INFO  s.d.s.w.p.DocumentationPluginsBootstrapper         - Context refreshed 
2020-07-15 20:23:15,493 [restartedMain] INFO  s.d.s.w.p.DocumentationPluginsBootstrapper         - Found 1 custom documentation plugin(s) 
2020-07-15 20:23:15,505 [restartedMain] INFO  s.d.s.w.s.ApiListingReferenceScanner               - Scanning for api listing references 
2020-07-15 20:23:15,587 [restartedMain] INFO  s.d.s.w.r.o.CachingOperationNameGenerator          - Generating unique operation named: getAllCustomerUsingGET_1 
2020-07-15 20:23:15,607 [restartedMain] INFO  o.s.d.r.c.DeferredRepositoryInitializationListener - Triggering deferred initialization of Spring Data repositories… 
2020-07-15 20:23:15,918 [restartedMain] INFO  o.s.d.r.c.DeferredRepositoryInitializationListener - Spring Data repositories initialized! 
2020-07-15 20:23:15,924 [restartedMain] INFO  c.h.a.c.Application                                - Started Application in 3.022 seconds (JVM running for 3.674) 
2020-07-15 20:23:19,216 [http-nio-8080-exec-1] INFO  o.a.c.c.C.[.[.[/]                                  - Initializing Spring DispatcherServlet 'dispatcherServlet' 
2020-07-15 20:23:19,216 [http-nio-8080-exec-1] INFO  o.s.w.s.DispatcherServlet                          - Initializing Servlet 'dispatcherServlet' 
2020-07-15 20:23:19,221 [http-nio-8080-exec-1] INFO  o.s.w.s.DispatcherServlet                          - Completed initialization in 5 ms 
2020-07-15 20:24:28,973 [SpringContextShutdownHook] INFO  o.s.o.j.LocalContainerEntityManagerFactoryBean     - Closing JPA EntityManagerFactory for persistence unit 'default' 
2020-07-15 20:24:28,974 [SpringContextShutdownHook] INFO  o.s.s.c.ThreadPoolTaskExecutor                     - Shutting down ExecutorService 'applicationTaskExecutor' 
2020-07-15 20:24:28,975 [SpringContextShutdownHook] INFO  c.z.h.HikariDataSource                             - HikariPool-1 - Shutdown initiated... 
2020-07-15 20:24:28,980 [SpringContextShutdownHook] INFO  c.z.h.HikariDataSource                             - HikariPool-1 - Shutdown completed. 
